#
# There is insufficient memory for the Java Runtime Environment to continue.
# Native memory allocation (malloc) failed to allocate 256448 bytes. Error detail: Chunk::new
# Possible reasons:
#   The system is out of physical RAM or swap space
#   This process is running with CompressedOops enabled, and the Java Heap may be blocking the growth of the native heap
# Possible solutions:
#   Reduce memory load on the system
#   Increase physical memory or swap space
#   Check if swap backing store is full
#   Decrease Java heap size (-Xmx/-Xms)
#   Decrease number of Java threads
#   Decrease Java thread stack sizes (-Xss)
#   Set larger code cache with -XX:ReservedCodeCacheSize=
#   JVM is running with Unscaled Compressed Oops mode in which the Java heap is
#     placed in the first 4GB address space. The Java Heap base address is the
#     maximum limit for the native heap growth. Please use -XX:HeapBaseMinAddress
#     to set the Java Heap base and to place the Java Heap above 4GB virtual address.
# This output file may be truncated or incomplete.
#
#  Out of Memory Error (arena.cpp:168), pid=10952, tid=30976
#
# JRE version: OpenJDK Runtime Environment Temurin-21.0.10+7 (21.0.10+7) (build 21.0.10+7-LTS)
# Java VM: OpenJDK 64-Bit Server VM Temurin-21.0.10+7 (21.0.10+7-LTS, mixed mode, sharing, tiered, compressed oops, compressed class ptrs, parallel gc, windows-amd64)
# No core dump will be written. Minidumps are not enabled by default on client versions of Windows
#

---------------  S U M M A R Y ------------

Command Line: --add-modules=ALL-SYSTEM --add-opens=java.base/java.util=ALL-UNNAMED --add-opens=java.base/java.lang=ALL-UNNAMED --add-opens=java.base/sun.nio.fs=ALL-UNNAMED -Declipse.application=org.eclipse.jdt.ls.core.id1 -Dosgi.bundles.defaultStartLevel=4 -Declipse.product=org.eclipse.jdt.ls.core.product -Djava.import.generatesMetadataFilesAtProjectRoot=false -DDetectVMInstallationsJob.disabled=true -Dfile.encoding=utf8 -XX:+UseParallelGC -XX:GCTimeRatio=4 -XX:AdaptiveSizePolicyWeight=90 -Dsun.zip.disableMemoryMapping=true -Xmx2G -Xms100m -Xlog:disable -javaagent:c:\Users\Admin\.antigravity\extensions\redhat.java-1.53.0-win32-x64\lombok\lombok-1.18.39-4050.jar -XX:+HeapDumpOnOutOfMemoryError -XX:HeapDumpPath=c:\Users\Admin\AppData\Roaming\Antigravity\User\workspaceStorage\8ce66ecac635b267211035aa95324632\redhat.java -Daether.dependencyCollector.impl=bf c:\Users\Admin\.antigravity\extensions\redhat.java-1.53.0-win32-x64\server\plugins\org.eclipse.equinox.launcher_1.7.100.v20251111-0406.jar -configuration c:\Users\Admin\AppData\Roaming\Antigravity\User\globalStorage\redhat.java\1.53.0\config_win -data c:\Users\Admin\AppData\Roaming\Antigravity\User\workspaceStorage\8ce66ecac635b267211035aa95324632\redhat.java\jdt_ws --pipe=\\.\pipe\lsp-5af5129bd738b47f21d53335486062bc-sock

Host: AMD Ryzen 9 7945HX with Radeon Graphics        , 32 cores, 15G,  Windows 11 , 64 bit Build 26100 (10.0.26100.7920)
Time: Fri Mar 13 23:16:07 2026 SE Asia Standard Time elapsed time: 3.648979 seconds (0d 0h 0m 3s)

---------------  T H R E A D  ---------------

Current thread (0x0000019a72133d00):  JavaThread "C2 CompilerThread3" daemon [_thread_in_native, id=30976, stack(0x000000054a200000,0x000000054a300000) (1024K)]


Current CompileTask:
C2:3649 1853   !   4       java.lang.String::<init> (880 bytes)

Stack: [0x000000054a200000,0x000000054a300000]
Native frames: (J=compiled Java code, j=interpreted, Vv=VM code, C=native code)
V  [jvm.dll+0x6d7a39]
V  [jvm.dll+0x8b4b26]
V  [jvm.dll+0x8b70de]
V  [jvm.dll+0x8b77c3]
V  [jvm.dll+0x284346]
V  [jvm.dll+0xc66ed]
V  [jvm.dll+0xc6c31]
V  [jvm.dll+0x3bec3b]
V  [jvm.dll+0x38b162]
V  [jvm.dll+0x38a5aa]
V  [jvm.dll+0x24c560]
V  [jvm.dll+0x24bb40]
V  [jvm.dll+0x1cb34e]
V  [jvm.dll+0x25b85d]
V  [jvm.dll+0x259dea]
V  [jvm.dll+0x3f857e]
V  [jvm.dll+0x85f59d]
V  [jvm.dll+0x6d626d]
C  [ucrtbase.dll+0x37b0]
C  [KERNEL32.DLL+0x2e8d7]
C  [ntdll.dll+0x8c48c]


---------------  P R O C E S S  ---------------

Threads class SMR info:
_java_thread_list=0x0000019a72126140, length=19, elements={
0x0000019a520ce8b0, 0x0000019a5217b4d0, 0x0000019a5217df40, 0x0000019a521830f0,
0x0000019a52188bd0, 0x0000019a52187820, 0x0000019a52187eb0, 0x0000019a6a0a7290,
0x0000019a6a0a8340, 0x0000019a6a16d650, 0x0000019a6a1ef810, 0x0000019a52185de0,
0x0000019a6d8779a0, 0x0000019a6d898420, 0x0000019a6d898ad0, 0x0000019a52188540,
0x0000019a6da8ec90, 0x0000019a72133d00, 0x0000019a52187190
}

Java Threads: ( => current thread )
  0x0000019a520ce8b0 JavaThread "main"                              [_thread_blocked, id=33344, stack(0x0000000548800000,0x0000000548900000) (1024K)]
  0x0000019a5217b4d0 JavaThread "Reference Handler"          daemon [_thread_blocked, id=11084, stack(0x0000000548c00000,0x0000000548d00000) (1024K)]
  0x0000019a5217df40 JavaThread "Finalizer"                  daemon [_thread_blocked, id=25932, stack(0x0000000548d00000,0x0000000548e00000) (1024K)]
  0x0000019a521830f0 JavaThread "Signal Dispatcher"          daemon [_thread_blocked, id=28960, stack(0x0000000548e00000,0x0000000548f00000) (1024K)]
  0x0000019a52188bd0 JavaThread "Attach Listener"            daemon [_thread_blocked, id=31852, stack(0x0000000548f00000,0x0000000549000000) (1024K)]
  0x0000019a52187820 JavaThread "Service Thread"             daemon [_thread_blocked, id=24568, stack(0x0000000549000000,0x0000000549100000) (1024K)]
  0x0000019a52187eb0 JavaThread "Monitor Deflation Thread"   daemon [_thread_blocked, id=30852, stack(0x0000000549100000,0x0000000549200000) (1024K)]
  0x0000019a6a0a7290 JavaThread "C2 CompilerThread0"         daemon [_thread_blocked, id=31736, stack(0x0000000549200000,0x0000000549300000) (1024K)]
  0x0000019a6a0a8340 JavaThread "C1 CompilerThread0"         daemon [_thread_in_vm, id=24232, stack(0x0000000549300000,0x0000000549400000) (1024K)]
  0x0000019a6a16d650 JavaThread "C1 CompilerThread1"         daemon [_thread_blocked, id=21600, stack(0x0000000549400000,0x0000000549500000) (1024K)]
  0x0000019a6a1ef810 JavaThread "C2 CompilerThread1"         daemon [_thread_blocked, id=31584, stack(0x0000000549500000,0x0000000549600000) (1024K)]
  0x0000019a52185de0 JavaThread "Common-Cleaner"             daemon [_thread_blocked, id=24636, stack(0x0000000549600000,0x0000000549700000) (1024K)]
  0x0000019a6d8779a0 JavaThread "C1 CompilerThread2"         daemon [_thread_blocked, id=32408, stack(0x0000000549700000,0x0000000549800000) (1024K)]
  0x0000019a6d898420 JavaThread "C1 CompilerThread3"         daemon [_thread_blocked, id=26460, stack(0x0000000549800000,0x0000000549900000) (1024K)]
  0x0000019a6d898ad0 JavaThread "C1 CompilerThread4"         daemon [_thread_blocked, id=3476, stack(0x0000000549900000,0x0000000549a00000) (1024K)]
  0x0000019a52188540 JavaThread "Notification Thread"        daemon [_thread_blocked, id=33752, stack(0x0000000549a00000,0x0000000549b00000) (1024K)]
  0x0000019a6da8ec90 JavaThread "C2 CompilerThread2"         daemon [_thread_blocked, id=4908, stack(0x0000000549b00000,0x0000000549c00000) (1024K)]
=>0x0000019a72133d00 JavaThread "C2 CompilerThread3"         daemon [_thread_in_native, id=30976, stack(0x000000054a200000,0x000000054a300000) (1024K)]
  0x0000019a52187190 JavaThread "Active Thread: Equinox Container: 621345e0-7290-4749-b6d9-71cdc7306cc7"        [_thread_blocked, id=31204, stack(0x000000054a300000,0x000000054a400000) (1024K)]
Total: 19

Other Threads:
  0x0000019a68b6ce60 VMThread "VM Thread"                           [id=23332, stack(0x0000000548b00000,0x0000000548c00000) (1024K)]
  0x0000019a68a5c7e0 WatcherThread "VM Periodic Task Thread"        [id=2468, stack(0x0000000548a00000,0x0000000548b00000) (1024K)]
  0x0000019a520ed2b0 WorkerThread "GC Thread#0"                     [id=29588, stack(0x0000000548900000,0x0000000548a00000) (1024K)]
  0x0000019a720120a0 WorkerThread "GC Thread#1"                     [id=9512, stack(0x0000000549c00000,0x0000000549d00000) (1024K)]
  0x0000019a72012450 WorkerThread "GC Thread#2"                     [id=2724, stack(0x0000000549d00000,0x0000000549e00000) (1024K)]
  0x0000019a72012800 WorkerThread "GC Thread#3"                     [id=36984, stack(0x0000000549e00000,0x0000000549f00000) (1024K)]
  0x0000019a6dfa0b90 WorkerThread "GC Thread#4"                     [id=31856, stack(0x0000000549f00000,0x000000054a000000) (1024K)]
  0x0000019a6dfa1750 WorkerThread "GC Thread#5"                     [id=7332, stack(0x000000054a000000,0x000000054a100000) (1024K)]
  0x0000019a6dfa1b00 WorkerThread "GC Thread#6"                     [id=38828, stack(0x000000054a100000,0x000000054a200000) (1024K)]
  0x0000019a723b6840 WorkerThread "GC Thread#7"                     [id=32228, stack(0x000000054a400000,0x000000054a500000) (1024K)]
Total: 10

Threads with active compile tasks:
C1 CompilerThread0  3658 1884   !   3       java.net.URLClassLoader::defineClass (224 bytes)
C2 CompilerThread3  3658 1853   !   4       java.lang.String::<init> (880 bytes)
Total: 2

VM state: not at safepoint (normal execution)

VM Mutex/Monitor currently owned by a thread:  ([mutex/lock_event])
[0x00007fffad68d060] MethodCompileQueue_lock - owner thread: 0x0000019a6a0a8340
[0x00007fffad68e460] CodeCache_lock - owner thread: 0x0000019a6a0a8340
[0x00007fffad68e5e0] Compile_lock - owner thread: 0x0000019a6a0a8340

Heap address: 0x0000000080000000, size: 2048 MB, Compressed Oops mode: 32-bit

CDS archive(s) mapped at: [0x0000019a00000000-0x0000019a00ba0000-0x0000019a00ba0000), size 12189696, SharedBaseAddress: 0x0000019a00000000, ArchiveRelocationMode: 1.
Compressed class space mapped at: 0x0000019a01000000-0x0000019a41000000, reserved size: 1073741824
Narrow klass base: 0x0000019a00000000, Narrow klass shift: 0, Narrow klass range: 0x100000000

GC Precious Log:
 CardTable entry size: 512
 CPUs: 32 total, 32 available
 Memory: 16064M
 Large Page Support: Disabled
 NUMA Support: Disabled
 Compressed Oops: Enabled (32-bit)
 Alignments: Space 512K, Generation 512K, Heap 2M
 Heap Min Capacity: 100M
 Heap Initial Capacity: 100M
 Heap Max Capacity: 2G
 Pre-touch: Disabled
 Parallel Workers: 23

Heap:
 PSYoungGen      total 29696K, used 6158K [0x00000000d5580000, 0x00000000d7680000, 0x0000000100000000)
  eden space 25600K, 8% used [0x00000000d5580000,0x00000000d5789bd0,0x00000000d6e80000)
  from space 4096K, 99% used [0x00000000d7280000,0x00000000d7679e98,0x00000000d7680000)
  to   space 4096K, 0% used [0x00000000d6e80000,0x00000000d6e80000,0x00000000d7280000)
 ParOldGen       total 68608K, used 1916K [0x0000000080000000, 0x0000000084300000, 0x00000000d5580000)
  object space 68608K, 2% used [0x0000000080000000,0x00000000801df030,0x0000000084300000)
 Metaspace       used 7871K, committed 8192K, reserved 1114112K
  class space    used 813K, committed 960K, reserved 1048576K

Card table byte_map: [0x0000019a51aa0000,0x0000019a51eb0000] _byte_map_base: 0x0000019a516a0000

Marking Bits: (ParMarkBitMap*) 0x00007fffad693450
 Begin Bits: [0x0000019a64580000, 0x0000019a66580000)
 End Bits:   [0x0000019a66580000, 0x0000019a68580000)

Polling page: 0x0000019a51890000

Metaspace:

Usage:
  Non-class:      6.89 MB used.
      Class:    813.98 KB used.
       Both:      7.69 MB used.

Virtual space:
  Non-class space:       64.00 MB reserved,       7.06 MB ( 11%) committed,  1 nodes.
      Class space:        1.00 GB reserved,     960.00 KB ( <1%) committed,  1 nodes.
             Both:        1.06 GB reserved,       8.00 MB ( <1%) committed. 

Chunk freelists:
   Non-Class:  8.89 MB
       Class:  14.92 MB
        Both:  23.81 MB

MaxMetaspaceSize: unlimited
CompressedClassSpaceSize: 1.00 GB
Initial GC threshold: 21.00 MB
Current GC threshold: 21.00 MB
CDS: on
 - commit_granule_bytes: 65536.
 - commit_granule_words: 8192.
 - virtual_space_node_default_size: 8388608.
 - enlarge_chunks_in_place: 1.
 - use_allocation_guard: 0.


Internal statistics:

num_allocs_failed_limit: 0.
num_arena_births: 228.
num_arena_deaths: 0.
num_vsnodes_births: 2.
num_vsnodes_deaths: 0.
num_space_committed: 128.
num_space_uncommitted: 0.
num_chunks_returned_to_freelist: 0.
num_chunks_taken_from_freelist: 420.
num_chunk_merges: 0.
num_chunk_splits: 268.
num_chunks_enlarged: 175.
num_inconsistent_stats: 0.

CodeHeap 'non-profiled nmethods': size=118848Kb used=781Kb max_used=781Kb free=118066Kb
 bounds [0x0000019a5cec0000, 0x0000019a5d130000, 0x0000019a642d0000]
CodeHeap 'profiled nmethods': size=118848Kb used=3381Kb max_used=3381Kb free=115466Kb
 bounds [0x0000019a552d0000, 0x0000019a55620000, 0x0000019a5c6e0000]
CodeHeap 'non-nmethods': size=8064Kb used=3475Kb max_used=3520Kb free=4588Kb
 bounds [0x0000019a5c6e0000, 0x0000019a5ca60000, 0x0000019a5cec0000]
CodeCache: size=245760Kb, used=7637Kb, max_used=7682Kb, free=238120Kb
 total_blobs=2362, nmethods=1880, adapters=385, full_count=0
Compilation: enabled, stopped_count=0, restarted_count=0

Compilation events (20 events):
Event: 0.614 Thread 0x0000019a6d898420 1874       3       jdk.internal.loader.URLClassPath$JarLoader$2::getCodeSigners (8 bytes)
Event: 0.614 Thread 0x0000019a6d898ad0 1875   !   3       java.util.jar.JarFile$JarFileEntry::getCodeSigners (77 bytes)
Event: 0.614 Thread 0x0000019a6a0a8340 nmethod 1871 0x0000019a55614510 code [0x0000019a55614720, 0x0000019a55614d28]
Event: 0.614 Thread 0x0000019a6a16d650 nmethod 1868 0x0000019a55614f90 code [0x0000019a556151e0, 0x0000019a55615948]
Event: 0.614 Thread 0x0000019a6a16d650 1876       3       java.security.CodeSource::<init> (52 bytes)
Event: 0.614 Thread 0x0000019a6a0a8340 1877       3       java.security.SecureClassLoader::defineClass (16 bytes)
Event: 0.614 Thread 0x0000019a6d898420 nmethod 1874 0x0000019a55615d90 code [0x0000019a55615f40, 0x0000019a55616118]
Event: 0.614 Thread 0x0000019a6d898420 1878       3       java.security.SecureClassLoader::getProtectionDomain (37 bytes)
Event: 0.614 Thread 0x0000019a6a0a8340 nmethod 1877 0x0000019a55616210 code [0x0000019a556163c0, 0x0000019a55616568]
Event: 0.614 Thread 0x0000019a6a16d650 nmethod 1876 0x0000019a55616690 code [0x0000019a55616860, 0x0000019a55616cb8]
Event: 0.614 Thread 0x0000019a6d898ad0 nmethod 1875 0x0000019a55616e10 code [0x0000019a55617040, 0x0000019a55617800]
Event: 0.614 Thread 0x0000019a6a0a8340 1879       3       java.security.SecureClassLoader$CodeSourceKey::<init> (10 bytes)
Event: 0.614 Thread 0x0000019a6d898420 nmethod 1878 0x0000019a55617a90 code [0x0000019a55617c80, 0x0000019a55618270]
Event: 0.614 Thread 0x0000019a6a16d650 1880       3       java.security.SecureClassLoader$1::<init> (10 bytes)
Event: 0.614 Thread 0x0000019a6a0a8340 nmethod 1879 0x0000019a55618490 code [0x0000019a55618640, 0x0000019a55618828]
Event: 0.614 Thread 0x0000019a6d898ad0 1881       3       java.security.SecureClassLoader$CodeSourceKey::hashCode (21 bytes)
Event: 0.614 Thread 0x0000019a6a16d650 nmethod 1880 0x0000019a55618910 code [0x0000019a55618ac0, 0x0000019a55618c48]
Event: 0.614 Thread 0x0000019a6d898ad0 nmethod 1881 0x0000019a55618d10 code [0x0000019a55618ec0, 0x0000019a556190a8]
Event: 1.623 Thread 0x0000019a6d8779a0 nmethod 1872 0x0000019a55619190 code [0x0000019a556194c0, 0x0000019a5561abc0]
Event: 1.639 Thread 0x0000019a6a1ef810 nmethod 1855 0x0000019a5cf82710 code [0x0000019a5cf828c0, 0x0000019a5cf83378]

GC Heap History (4 events):
Event: 0.340 GC heap before
{Heap before GC invocations=1 (full 0):
 PSYoungGen      total 29696K, used 25568K [0x00000000d5580000, 0x00000000d7680000, 0x0000000100000000)
  eden space 25600K, 99% used [0x00000000d5580000,0x00000000d6e78118,0x00000000d6e80000)
  from space 4096K, 0% used [0x00000000d7280000,0x00000000d7280000,0x00000000d7680000)
  to   space 4096K, 0% used [0x00000000d6e80000,0x00000000d6e80000,0x00000000d7280000)
 ParOldGen       total 68608K, used 0K [0x0000000080000000, 0x0000000084300000, 0x00000000d5580000)
  object space 68608K, 0% used [0x0000000080000000,0x0000000080000000,0x0000000084300000)
 Metaspace       used 4157K, committed 4416K, reserved 1114112K
  class space    used 453K, committed 576K, reserved 1048576K
}
Event: 0.344 GC heap after
{Heap after GC invocations=1 (full 0):
 PSYoungGen      total 29696K, used 3346K [0x00000000d5580000, 0x00000000d7680000, 0x0000000100000000)
  eden space 25600K, 0% used [0x00000000d5580000,0x00000000d5580000,0x00000000d6e80000)
  from space 4096K, 81% used [0x00000000d6e80000,0x00000000d71c4b78,0x00000000d7280000)
  to   space 4096K, 0% used [0x00000000d7280000,0x00000000d7280000,0x00000000d7680000)
 ParOldGen       total 68608K, used 16K [0x0000000080000000, 0x0000000084300000, 0x00000000d5580000)
  object space 68608K, 0% used [0x0000000080000000,0x0000000080004000,0x0000000084300000)
 Metaspace       used 4157K, committed 4416K, reserved 1114112K
  class space    used 453K, committed 576K, reserved 1048576K
}
Event: 0.602 GC heap before
{Heap before GC invocations=2 (full 0):
 PSYoungGen      total 29696K, used 28946K [0x00000000d5580000, 0x00000000d7680000, 0x0000000100000000)
  eden space 25600K, 100% used [0x00000000d5580000,0x00000000d6e80000,0x00000000d6e80000)
  from space 4096K, 81% used [0x00000000d6e80000,0x00000000d71c4b78,0x00000000d7280000)
  to   space 4096K, 0% used [0x00000000d7280000,0x00000000d7280000,0x00000000d7680000)
 ParOldGen       total 68608K, used 16K [0x0000000080000000, 0x0000000084300000, 0x00000000d5580000)
  object space 68608K, 0% used [0x0000000080000000,0x0000000080004000,0x0000000084300000)
 Metaspace       used 7752K, committed 8000K, reserved 1114112K
  class space    used 801K, committed 896K, reserved 1048576K
}
Event: 0.606 GC heap after
{Heap after GC invocations=2 (full 0):
 PSYoungGen      total 29696K, used 4071K [0x00000000d5580000, 0x00000000d7680000, 0x0000000100000000)
  eden space 25600K, 0% used [0x00000000d5580000,0x00000000d5580000,0x00000000d6e80000)
  from space 4096K, 99% used [0x00000000d7280000,0x00000000d7679e98,0x00000000d7680000)
  to   space 4096K, 0% used [0x00000000d6e80000,0x00000000d6e80000,0x00000000d7280000)
 ParOldGen       total 68608K, used 1916K [0x0000000080000000, 0x0000000084300000, 0x00000000d5580000)
  object space 68608K, 2% used [0x0000000080000000,0x00000000801df030,0x0000000084300000)
 Metaspace       used 7752K, committed 8000K, reserved 1114112K
  class space    used 801K, committed 896K, reserved 1048576K
}

Dll operation events (8 events):
Event: 0.007 Loaded shared library c:\Users\Admin\.antigravity\extensions\redhat.java-1.53.0-win32-x64\jre\21.0.10-win32-x86_64\bin\java.dll
Event: 0.045 Loaded shared library c:\Users\Admin\.antigravity\extensions\redhat.java-1.53.0-win32-x64\jre\21.0.10-win32-x86_64\bin\zip.dll
Event: 0.056 Loaded shared library C:\Users\Admin\.antigravity\extensions\redhat.java-1.53.0-win32-x64\jre\21.0.10-win32-x86_64\bin\instrument.dll
Event: 0.058 Loaded shared library C:\Users\Admin\.antigravity\extensions\redhat.java-1.53.0-win32-x64\jre\21.0.10-win32-x86_64\bin\net.dll
Event: 0.060 Loaded shared library C:\Users\Admin\.antigravity\extensions\redhat.java-1.53.0-win32-x64\jre\21.0.10-win32-x86_64\bin\nio.dll
Event: 0.061 Loaded shared library C:\Users\Admin\.antigravity\extensions\redhat.java-1.53.0-win32-x64\jre\21.0.10-win32-x86_64\bin\zip.dll
Event: 0.070 Loaded shared library C:\Users\Admin\.antigravity\extensions\redhat.java-1.53.0-win32-x64\jre\21.0.10-win32-x86_64\bin\jimage.dll
Event: 0.108 Loaded shared library c:\Users\Admin\.antigravity\extensions\redhat.java-1.53.0-win32-x64\jre\21.0.10-win32-x86_64\bin\verify.dll

Deoptimization events (20 events):
Event: 0.581 Thread 0x0000019a520ce8b0 DEOPT PACKING pc=0x0000019a5cef02b4 sp=0x00000005488fe4a0
Event: 0.581 Thread 0x0000019a520ce8b0 DEOPT UNPACKING pc=0x0000019a5c736da2 sp=0x00000005488fe460 mode 2
Event: 0.609 Thread 0x0000019a520ce8b0 Uncommon trap: trap_request=0xffffff45 fr.pc=0x0000019a5cf6f7dc relative=0x00000000000000bc
Event: 0.609 Thread 0x0000019a520ce8b0 Uncommon trap: reason=unstable_if action=reinterpret pc=0x0000019a5cf6f7dc method=java.util.LinkedHashMap.afterNodeAccess(Ljava/util/HashMap$Node;)V @ 19 c2
Event: 0.609 Thread 0x0000019a520ce8b0 DEOPT PACKING pc=0x0000019a5cf6f7dc sp=0x00000005488fd0b0
Event: 0.609 Thread 0x0000019a520ce8b0 DEOPT UNPACKING pc=0x0000019a5c736da2 sp=0x00000005488fd018 mode 2
Event: 0.609 Thread 0x0000019a520ce8b0 DEOPT PACKING pc=0x0000019a553d9b0b sp=0x00000005488fcbe0
Event: 0.609 Thread 0x0000019a520ce8b0 DEOPT UNPACKING pc=0x0000019a5c7378e2 sp=0x00000005488fc058 mode 0
Event: 0.610 Thread 0x0000019a520ce8b0 DEOPT PACKING pc=0x0000019a55465408 sp=0x00000005488fc780
Event: 0.610 Thread 0x0000019a520ce8b0 DEOPT UNPACKING pc=0x0000019a5c7378e2 sp=0x00000005488fbc00 mode 0
Event: 0.610 Thread 0x0000019a520ce8b0 DEOPT PACKING pc=0x0000019a55465408 sp=0x00000005488fca90
Event: 0.610 Thread 0x0000019a520ce8b0 DEOPT UNPACKING pc=0x0000019a5c7378e2 sp=0x00000005488fbf10 mode 0
Event: 0.611 Thread 0x0000019a520ce8b0 Uncommon trap: trap_request=0xffffff45 fr.pc=0x0000019a5cf8161c relative=0x00000000000009bc
Event: 0.611 Thread 0x0000019a520ce8b0 Uncommon trap: reason=unstable_if action=reinterpret pc=0x0000019a5cf8161c method=java.util.HashMap.putVal(ILjava/lang/Object;Ljava/lang/Object;ZZ)Ljava/lang/Object; @ 81 c2
Event: 0.611 Thread 0x0000019a520ce8b0 DEOPT PACKING pc=0x0000019a5cf8161c sp=0x00000005488fd2f0
Event: 0.611 Thread 0x0000019a520ce8b0 DEOPT UNPACKING pc=0x0000019a5c736da2 sp=0x00000005488fd218 mode 2
Event: 0.611 Thread 0x0000019a520ce8b0 DEOPT PACKING pc=0x0000019a55465408 sp=0x00000005488fc9e0
Event: 0.611 Thread 0x0000019a520ce8b0 DEOPT UNPACKING pc=0x0000019a5c7378e2 sp=0x00000005488fbe60 mode 0
Event: 0.611 Thread 0x0000019a520ce8b0 DEOPT PACKING pc=0x0000019a55465408 sp=0x00000005488fcce0
Event: 0.611 Thread 0x0000019a520ce8b0 DEOPT UNPACKING pc=0x0000019a5c7378e2 sp=0x00000005488fc160 mode 0

Classes loaded (20 events):
Event: 0.571 Loading class java/net/ContentHandlerFactory
Event: 0.571 Loading class java/net/ContentHandlerFactory done
Event: 0.580 Loading class java/util/ConcurrentModificationException
Event: 0.580 Loading class java/util/ConcurrentModificationException done
Event: 0.586 Loading class java/util/LinkedList
Event: 0.586 Loading class java/util/AbstractSequentialList
Event: 0.586 Loading class java/util/AbstractSequentialList done
Event: 0.586 Loading class java/util/LinkedList done
Event: 0.590 Loading class java/net/ContentHandler
Event: 0.590 Loading class java/net/ContentHandler done
Event: 0.591 Loading class java/net/UrlDeserializedState
Event: 0.591 Loading class java/net/UrlDeserializedState done
Event: 0.591 Loading class java/lang/reflect/InaccessibleObjectException
Event: 0.591 Loading class java/lang/reflect/InaccessibleObjectException done
Event: 0.592 Loading class java/lang/StackWalker$Option
Event: 0.592 Loading class java/lang/StackWalker$Option done
Event: 0.601 Loading class javax/xml/parsers/ParserConfigurationException
Event: 0.601 Loading class javax/xml/parsers/ParserConfigurationException done
Event: 0.606 Loading class java/security/KeyStoreException
Event: 0.607 Loading class java/security/KeyStoreException done

Classes unloaded (0 events):
No events

Classes redefined (0 events):
No events

Internal exceptions (20 events):
Event: 0.272 Thread 0x0000019a520ce8b0 Exception <a 'java/lang/NoSuchMethodError'{0x00000000d680cd20}: 'java.lang.Object java.lang.invoke.DirectMethodHandle$Holder.invokeInterface(java.lang.Object, java.lang.Object, int)'> (0x00000000d680cd20) 
thrown [s\src\hotspot\share\interpreter\linkResolver.cpp, line 773]
Event: 0.326 Thread 0x0000019a520ce8b0 Exception <a 'java/lang/NoSuchMethodError'{0x00000000d6c72968}: 'java.lang.ClassLoader java.lang.ClassLoader.getPlatformClassLoader(java.lang.Class)'> (0x00000000d6c72968) 
thrown [s\src\hotspot\share\interpreter\linkResolver.cpp, line 773]
Event: 0.365 Thread 0x0000019a520ce8b0 Exception <a 'java/lang/ClassNotFoundException'{0x00000000d57e9dd8}: sun/net/www/protocol/c/Handler> (0x00000000d57e9dd8) 
thrown [s\src\hotspot\share\classfile\systemDictionary.cpp, line 312]
Event: 0.365 Thread 0x0000019a520ce8b0 Exception <a 'java/lang/ClassNotFoundException'{0x00000000d57eb130}: sun/net/www/protocol/d/Handler> (0x00000000d57eb130) 
thrown [s\src\hotspot\share\classfile\systemDictionary.cpp, line 312]
Event: 0.365 Thread 0x0000019a520ce8b0 Exception <a 'java/lang/ClassNotFoundException'{0x00000000d57ec2a8}: sun/net/www/protocol/c/Handler> (0x00000000d57ec2a8) 
thrown [s\src\hotspot\share\classfile\systemDictionary.cpp, line 312]
Event: 0.370 Thread 0x0000019a520ce8b0 Exception <a 'java/io/FileNotFoundException'{0x00000000d581e328}> (0x00000000d581e328) 
thrown [s\src\hotspot\share\prims\jni.cpp, line 520]
Event: 0.386 Thread 0x0000019a520ce8b0 Implicit null exception at 0x0000019a5cf1e9a9 to 0x0000019a5cf1f254
Event: 0.386 Thread 0x0000019a520ce8b0 Implicit null exception at 0x0000019a5cf28d9a to 0x0000019a5cf28fa4
Event: 0.386 Thread 0x0000019a520ce8b0 Exception <a 'java/lang/NoSuchMethodError'{0x00000000d594eb98}: 'void java.lang.invoke.DirectMethodHandle$Holder.invokeStatic(java.lang.Object, java.lang.Object, java.lang.Object, java.lang.Object)'> (0x00000000d594eb98) 
thrown [s\src\hotspot\share\interpreter\linkResolver.cpp, line 773]
Event: 0.387 Thread 0x0000019a520ce8b0 Implicit null exception at 0x0000019a5cf2079a to 0x0000019a5cf209a4
Event: 0.387 Thread 0x0000019a520ce8b0 Implicit null exception at 0x0000019a5cf203bd to 0x0000019a5cf20441
Event: 0.424 Thread 0x0000019a520ce8b0 Exception <a 'java/lang/NoSuchMethodError'{0x00000000d5cfbdd8}: 'void java.lang.invoke.DirectMethodHandle$Holder.invokeSpecial(java.lang.Object, java.lang.Object, java.lang.Object)'> (0x00000000d5cfbdd8) 
thrown [s\src\hotspot\share\interpreter\linkResolver.cpp, line 773]
Event: 0.528 Thread 0x0000019a520ce8b0 Exception <a 'java/lang/NoSuchMethodError'{0x00000000d676fa88}: 'int java.lang.invoke.DirectMethodHandle$Holder.invokeVirtual(java.lang.Object, java.lang.Object)'> (0x00000000d676fa88) 
thrown [s\src\hotspot\share\interpreter\linkResolver.cpp, line 773]
Event: 0.554 Thread 0x0000019a520ce8b0 Exception <a 'java/lang/NoSuchMethodError'{0x00000000d68e6458}: 'int java.lang.invoke.DirectMethodHandle$Holder.invokeStaticInit(java.lang.Object, java.lang.Object, java.lang.Object, java.lang.Object)'> (0x00000000d68e6458) 
thrown [s\src\hotspot\share\interpreter\linkResolver.cpp, line 773]
Event: 0.554 Thread 0x0000019a520ce8b0 Exception <a 'java/lang/IncompatibleClassChangeError'{0x00000000d68ee860}: Found class java.lang.Object, but interface was expected> (0x00000000d68ee860) 
thrown [s\src\hotspot\share\interpreter\linkResolver.cpp, line 840]
Event: 0.554 Thread 0x0000019a520ce8b0 Exception <a 'java/lang/NoSuchMethodError'{0x00000000d68f4e10}: 'void java.lang.invoke.DirectMethodHandle$Holder.invokeStaticInit(java.lang.Object, java.lang.Object)'> (0x00000000d68f4e10) 
thrown [s\src\hotspot\share\interpreter\linkResolver.cpp, line 773]
Event: 0.555 Thread 0x0000019a520ce8b0 Exception <a 'java/lang/NoSuchMethodError'{0x00000000d68fe048}: 'int java.lang.invoke.DirectMethodHandle$Holder.invokeStaticInit(java.lang.Object, java.lang.Object)'> (0x00000000d68fe048) 
thrown [s\src\hotspot\share\interpreter\linkResolver.cpp, line 773]
Event: 0.575 Thread 0x0000019a520ce8b0 Exception <a 'java/lang/NoSuchMethodError'{0x00000000d6b4fc80}: 'java.lang.Object java.lang.invoke.DirectMethodHandle$Holder.newInvokeSpecial(java.lang.Object, int, java.lang.Object)'> (0x00000000d6b4fc80) 
thrown [s\src\hotspot\share\interpreter\linkResolver.cpp, line 773]
Event: 0.593 Thread 0x0000019a520ce8b0 Exception <a 'java/lang/ClassNotFoundException'{0x00000000d6d693b8}: sun/net/www/protocol/plurl/Handler> (0x00000000d6d693b8) 
thrown [s\src\hotspot\share\classfile\systemDictionary.cpp, line 312]
Event: 0.593 Thread 0x0000019a520ce8b0 Exception <a 'java/lang/ClassNotFoundException'{0x00000000d6d6a238}: sun/net/www/protocol/plurl/Handler> (0x00000000d6d6a238) 
thrown [s\src\hotspot\share\classfile\systemDictionary.cpp, line 312]

ZGC Phase Switch (0 events):
No events

VM Operations (20 events):
Event: 0.225 Executing non-safepoint VM operation: HandshakeAllThreads (Deoptimize)
Event: 0.225 Executing non-safepoint VM operation: HandshakeAllThreads (Deoptimize) done
Event: 0.234 Executing non-safepoint VM operation: HandshakeAllThreads (Deoptimize)
Event: 0.234 Executing non-safepoint VM operation: HandshakeAllThreads (Deoptimize) done
Event: 0.339 Executing safepoint VM operation: ParallelGCFailedAllocation (Allocation Failure)
Event: 0.344 Executing safepoint VM operation: ParallelGCFailedAllocation (Allocation Failure) done
Event: 0.354 Executing non-safepoint VM operation: HandshakeAllThreads (Deoptimize)
Event: 0.354 Executing non-safepoint VM operation: HandshakeAllThreads (Deoptimize) done
Event: 0.566 Executing non-safepoint VM operation: HandshakeAllThreads (Deoptimize)
Event: 0.566 Executing non-safepoint VM operation: HandshakeAllThreads (Deoptimize) done
Event: 0.570 Executing non-safepoint VM operation: HandshakeAllThreads (Deoptimize)
Event: 0.570 Executing non-safepoint VM operation: HandshakeAllThreads (Deoptimize) done
Event: 0.587 Executing non-safepoint VM operation: HandshakeAllThreads (Deoptimize)
Event: 0.587 Executing non-safepoint VM operation: HandshakeAllThreads (Deoptimize) done
Event: 0.591 Executing non-safepoint VM operation: HandshakeAllThreads (Deoptimize)
Event: 0.591 Executing non-safepoint VM operation: HandshakeAllThreads (Deoptimize) done
Event: 0.602 Executing safepoint VM operation: ParallelGCFailedAllocation (Allocation Failure)
Event: 0.606 Executing safepoint VM operation: ParallelGCFailedAllocation (Allocation Failure) done
Event: 1.608 Executing safepoint VM operation: Cleanup
Event: 1.638 Executing safepoint VM operation: Cleanup done

Memory protections (0 events):
No events

Nmethod flushes (0 events):
No events

Events (19 events):
Event: 0.016 Thread 0x0000019a520ce8b0 Thread added: 0x0000019a520ce8b0
Event: 0.024 Thread 0x0000019a520ce8b0 Thread added: 0x0000019a5217b4d0
Event: 0.024 Thread 0x0000019a520ce8b0 Thread added: 0x0000019a5217df40
Event: 0.025 Thread 0x0000019a520ce8b0 Thread added: 0x0000019a521830f0
Event: 0.025 Thread 0x0000019a520ce8b0 Thread added: 0x0000019a52188bd0
Event: 0.025 Thread 0x0000019a520ce8b0 Thread added: 0x0000019a52187820
Event: 0.025 Thread 0x0000019a520ce8b0 Thread added: 0x0000019a52187eb0
Event: 0.025 Thread 0x0000019a520ce8b0 Thread added: 0x0000019a6a0a7290
Event: 0.025 Thread 0x0000019a520ce8b0 Thread added: 0x0000019a6a0a8340
Event: 0.029 Thread 0x0000019a6a0a8340 Thread added: 0x0000019a6a16d650
Event: 0.049 Thread 0x0000019a6a0a8340 Thread added: 0x0000019a6a1ef810
Event: 0.057 Thread 0x0000019a520ce8b0 Thread added: 0x0000019a52185de0
Event: 0.073 Thread 0x0000019a6a16d650 Thread added: 0x0000019a6d8779a0
Event: 0.074 Thread 0x0000019a6a16d650 Thread added: 0x0000019a6d898420
Event: 0.074 Thread 0x0000019a6a16d650 Thread added: 0x0000019a6d898ad0
Event: 0.152 Thread 0x0000019a520ce8b0 Thread added: 0x0000019a52188540
Event: 0.193 Thread 0x0000019a6d898420 Thread added: 0x0000019a6da8ec90
Event: 0.450 Thread 0x0000019a6d8779a0 Thread added: 0x0000019a72133d00
Event: 0.559 Thread 0x0000019a520ce8b0 Thread added: 0x0000019a52187190


Dynamic libraries:
0x00007ff7704f0000 - 0x00007ff7704fe000 	c:\Users\Admin\.antigravity\extensions\redhat.java-1.53.0-win32-x64\jre\21.0.10-win32-x86_64\bin\java.exe
0x00007ff849000000 - 0x00007ff849267000 	C:\WINDOWS\SYSTEM32\ntdll.dll
0x00007ff847e00000 - 0x00007ff847ec9000 	C:\WINDOWS\System32\KERNEL32.DLL
0x00007ff845e50000 - 0x00007ff846241000 	C:\WINDOWS\System32\KERNELBASE.dll
0x00007ff845a50000 - 0x00007ff845b9b000 	C:\WINDOWS\System32\ucrtbase.dll
0x00007ff82d9e0000 - 0x00007ff82d9f8000 	c:\Users\Admin\.antigravity\extensions\redhat.java-1.53.0-win32-x64\jre\21.0.10-win32-x86_64\bin\jli.dll
0x00007ff83e8c0000 - 0x00007ff83e8de000 	c:\Users\Admin\.antigravity\extensions\redhat.java-1.53.0-win32-x64\jre\21.0.10-win32-x86_64\bin\VCRUNTIME140.dll
0x00007ff848c20000 - 0x00007ff848de5000 	C:\WINDOWS\System32\USER32.dll
0x00007ff825df0000 - 0x00007ff826083000 	C:\WINDOWS\WinSxS\amd64_microsoft.windows.common-controls_6595b64144ccf1df_6.0.26100.8037_none_3e092faae333b53b\COMCTL32.dll
0x00007ff845a20000 - 0x00007ff845a47000 	C:\WINDOWS\System32\win32u.dll
0x00007ff8479b0000 - 0x00007ff8479db000 	C:\WINDOWS\System32\GDI32.dll
0x00007ff846e30000 - 0x00007ff846ed9000 	C:\WINDOWS\System32\msvcrt.dll
0x00007ff845d20000 - 0x00007ff845e4b000 	C:\WINDOWS\System32\gdi32full.dll
0x00007ff8458e0000 - 0x00007ff845983000 	C:\WINDOWS\System32\msvcp_win.dll
0x00007ff847ce0000 - 0x00007ff847d11000 	C:\WINDOWS\System32\IMM32.DLL
0x00007ff82f000000 - 0x00007ff82f00c000 	c:\Users\Admin\.antigravity\extensions\redhat.java-1.53.0-win32-x64\jre\21.0.10-win32-x86_64\bin\vcruntime140_1.dll
0x00007fffb0040000 - 0x00007fffb00cd000 	c:\Users\Admin\.antigravity\extensions\redhat.java-1.53.0-win32-x64\jre\21.0.10-win32-x86_64\bin\msvcp140.dll
0x00007fffac9d0000 - 0x00007fffad771000 	c:\Users\Admin\.antigravity\extensions\redhat.java-1.53.0-win32-x64\jre\21.0.10-win32-x86_64\bin\server\jvm.dll
0x00007ff848b60000 - 0x00007ff848c1b000 	C:\WINDOWS\System32\ADVAPI32.dll
0x00007ff846ee0000 - 0x00007ff846f87000 	C:\WINDOWS\System32\sechost.dll
0x00007ff848ea0000 - 0x00007ff848fb8000 	C:\WINDOWS\System32\RPCRT4.dll
0x00007ff847c60000 - 0x00007ff847cd4000 	C:\WINDOWS\System32\WS2_32.dll
0x00007ff834ce0000 - 0x00007ff834d15000 	C:\WINDOWS\SYSTEM32\WINMM.dll
0x00007ff8444b0000 - 0x00007ff84450e000 	C:\WINDOWS\SYSTEM32\POWRPROF.dll
0x00007ff83d4a0000 - 0x00007ff83d4ab000 	C:\WINDOWS\SYSTEM32\VERSION.dll
0x00007ff844490000 - 0x00007ff8444a4000 	C:\WINDOWS\SYSTEM32\UMPDC.dll
0x00007ff844770000 - 0x00007ff84478b000 	C:\WINDOWS\SYSTEM32\kernel.appcore.dll
0x00007ff82d540000 - 0x00007ff82d54a000 	c:\Users\Admin\.antigravity\extensions\redhat.java-1.53.0-win32-x64\jre\21.0.10-win32-x86_64\bin\jimage.dll
0x00007ff840ae0000 - 0x00007ff840d22000 	C:\WINDOWS\SYSTEM32\DBGHELP.DLL
0x00007ff8487b0000 - 0x00007ff848b32000 	C:\WINDOWS\System32\combase.dll
0x00007ff847d20000 - 0x00007ff847df7000 	C:\WINDOWS\System32\OLEAUT32.dll
0x00007ff8246b0000 - 0x00007ff8246eb000 	C:\WINDOWS\SYSTEM32\dbgcore.DLL
0x00007ff8463c0000 - 0x00007ff846465000 	C:\WINDOWS\System32\bcryptPrimitives.dll
0x00007ff82d270000 - 0x00007ff82d27f000 	c:\Users\Admin\.antigravity\extensions\redhat.java-1.53.0-win32-x64\jre\21.0.10-win32-x86_64\bin\instrument.dll
0x00007ff82bb90000 - 0x00007ff82bbb0000 	c:\Users\Admin\.antigravity\extensions\redhat.java-1.53.0-win32-x64\jre\21.0.10-win32-x86_64\bin\java.dll
0x00007ff847240000 - 0x00007ff84799f000 	C:\WINDOWS\System32\SHELL32.dll
0x00007ff846250000 - 0x00007ff8463ba000 	C:\WINDOWS\System32\wintypes.dll
0x00007ff846470000 - 0x00007ff846cd4000 	C:\WINDOWS\System32\windows.storage.dll
0x00007ff846f90000 - 0x00007ff847087000 	C:\WINDOWS\System32\SHCORE.dll
0x00007ff848580000 - 0x00007ff8485e7000 	C:\WINDOWS\System32\shlwapi.dll
0x00007ff845800000 - 0x00007ff845829000 	C:\WINDOWS\SYSTEM32\profapi.dll
0x00007ff82bb70000 - 0x00007ff82bb88000 	c:\Users\Admin\.antigravity\extensions\redhat.java-1.53.0-win32-x64\jre\21.0.10-win32-x86_64\bin\zip.dll
0x00007ff82bb60000 - 0x00007ff82bb70000 	C:\Users\Admin\.antigravity\extensions\redhat.java-1.53.0-win32-x64\jre\21.0.10-win32-x86_64\bin\net.dll
0x00007ff83e3a0000 - 0x00007ff83e4c7000 	C:\WINDOWS\SYSTEM32\WINHTTP.dll
0x00007ff844d00000 - 0x00007ff844d6b000 	C:\WINDOWS\system32\mswsock.dll
0x00007ff824490000 - 0x00007ff8244a6000 	C:\Users\Admin\.antigravity\extensions\redhat.java-1.53.0-win32-x64\jre\21.0.10-win32-x86_64\bin\nio.dll
0x00007ff824560000 - 0x00007ff824570000 	c:\Users\Admin\.antigravity\extensions\redhat.java-1.53.0-win32-x64\jre\21.0.10-win32-x86_64\bin\verify.dll

JVMTI agents:
c:\Users\Admin\.antigravity\extensions\redhat.java-1.53.0-win32-x64\lombok\lombok-1.18.39-4050.jar path:c:\Users\Admin\.antigravity\extensions\redhat.java-1.53.0-win32-x64\jre\21.0.10-win32-x86_64\bin\instrument.dll, loaded, initialized, instrumentlib options:none

dbghelp: loaded successfully - version: 4.0.5 - missing functions: none
symbol engine: initialized successfully - sym options: 0x614 - pdb path: .;c:\Users\Admin\.antigravity\extensions\redhat.java-1.53.0-win32-x64\jre\21.0.10-win32-x86_64\bin;C:\WINDOWS\SYSTEM32;C:\WINDOWS\WinSxS\amd64_microsoft.windows.common-controls_6595b64144ccf1df_6.0.26100.8037_none_3e092faae333b53b;c:\Users\Admin\.antigravity\extensions\redhat.java-1.53.0-win32-x64\jre\21.0.10-win32-x86_64\bin\server

VM Arguments:
jvm_args: --add-modules=ALL-SYSTEM --add-opens=java.base/java.util=ALL-UNNAMED --add-opens=java.base/java.lang=ALL-UNNAMED --add-opens=java.base/sun.nio.fs=ALL-UNNAMED -Declipse.application=org.eclipse.jdt.ls.core.id1 -Dosgi.bundles.defaultStartLevel=4 -Declipse.product=org.eclipse.jdt.ls.core.product -Djava.import.generatesMetadataFilesAtProjectRoot=false -DDetectVMInstallationsJob.disabled=true -Dfile.encoding=utf8 -XX:+UseParallelGC -XX:GCTimeRatio=4 -XX:AdaptiveSizePolicyWeight=90 -Dsun.zip.disableMemoryMapping=true -Xmx2G -Xms100m -Xlog:disable -javaagent:c:\Users\Admin\.antigravity\extensions\redhat.java-1.53.0-win32-x64\lombok\lombok-1.18.39-4050.jar -XX:+HeapDumpOnOutOfMemoryError -XX:HeapDumpPath=c:\Users\Admin\AppData\Roaming\Antigravity\User\workspaceStorage\8ce66ecac635b267211035aa95324632\redhat.java -Daether.dependencyCollector.impl=bf 
java_command: c:\Users\Admin\.antigravity\extensions\redhat.java-1.53.0-win32-x64\server\plugins\org.eclipse.equinox.launcher_1.7.100.v20251111-0406.jar -configuration c:\Users\Admin\AppData\Roaming\Antigravity\User\globalStorage\redhat.java\1.53.0\config_win -data c:\Users\Admin\AppData\Roaming\Antigravity\User\workspaceStorage\8ce66ecac635b267211035aa95324632\redhat.java\jdt_ws --pipe=\\.\pipe\lsp-5af5129bd738b47f21d53335486062bc-sock
java_class_path (initial): c:\Users\Admin\.antigravity\extensions\redhat.java-1.53.0-win32-x64\server\plugins\org.eclipse.equinox.launcher_1.7.100.v20251111-0406.jar
Launcher Type: SUN_STANDARD

[Global flags]
    uintx AdaptiveSizePolicyWeight                 = 90                                        {product} {command line}
     intx CICompilerCount                          = 15                                        {product} {ergonomic}
    uintx GCTimeRatio                              = 4                                         {product} {command line}
     bool HeapDumpOnOutOfMemoryError               = true                                   {manageable} {command line}
    ccstr HeapDumpPath                             = c:\Users\Admin\AppData\Roaming\Antigravity\User\workspaceStorage\8ce66ecac635b267211035aa95324632\redhat.java         {manageable} {command line}
   size_t InitialHeapSize                          = 104857600                                 {product} {command line}
   size_t MaxHeapSize                              = 2147483648                                {product} {command line}
   size_t MaxNewSize                               = 715653120                                 {product} {ergonomic}
   size_t MinHeapDeltaBytes                        = 524288                                    {product} {ergonomic}
   size_t MinHeapSize                              = 104857600                                 {product} {command line}
   size_t NewSize                                  = 34603008                                  {product} {ergonomic}
    uintx NonNMethodCodeHeapSize                   = 8192380                                {pd product} {ergonomic}
    uintx NonProfiledCodeHeapSize                  = 121732930                              {pd product} {ergonomic}
   size_t OldSize                                  = 70254592                                  {product} {ergonomic}
    uintx ProfiledCodeHeapSize                     = 121732930                              {pd product} {ergonomic}
    uintx ReservedCodeCacheSize                    = 251658240                              {pd product} {ergonomic}
     bool SegmentedCodeCache                       = true                                      {product} {ergonomic}
   size_t SoftMaxHeapSize                          = 2147483648                             {manageable} {ergonomic}
     bool UseCompressedOops                        = true                           {product lp64_product} {ergonomic}
     bool UseLargePagesIndividualAllocation        = false                                  {pd product} {ergonomic}
     bool UseParallelGC                            = true                                      {product} {command line}

Logging:
Log output configuration:
 #0: stdout all=off uptime,level,tags foldmultilines=false
 #1: stderr all=off uptime,level,tags foldmultilines=false

Release file:
JAVA_VERSION="21.0.10" 
MODULES="java.base java.compiler java.datatransfer java.xml java.prefs java.desktop java.instrument java.logging java.management java.security.sasl java.naming java.rmi java.management.rmi java.net.http java.scripting java.security.jgss java.transaction.xa java.sql java.sql.rowset java.xml.crypto java.se java.smartcardio jdk.accessibility jdk.internal.jvmstat jdk.attach jdk.charsets jdk.internal.opt jdk.zipfs jdk.compiler jdk.crypto.ec jdk.crypto.cryptoki jdk.crypto.mscapi jdk.dynalink jdk.internal.ed jdk.editpad jdk.hotspot.agent jdk.httpserver jdk.internal.le jdk.internal.vm.ci jdk.internal.vm.compiler jdk.internal.vm.compiler.management jdk.jartool jdk.javadoc jdk.jcmd jdk.management jdk.management.agent jdk.jconsole jdk.jdeps jdk.jdwp.agent jdk.jdi jdk.jfr jdk.jshell jdk.jsobject jdk.jstatd jdk.localedata jdk.management.jfr jdk.naming.dns jdk.naming.rmi jdk.net jdk.nio.mapmode jdk.random jdk.sctp jdk.security.auth jdk.security.jgss jdk.unsupported jdk.unsupported.desktop jdk.xml.dom" 

Environment Variables:
JAVA_HOME=C:\Program Files\Java\jdk-17
PATH=D:\DevSuiteHome_1\jdk\jre\bin\classic;D:\DevSuiteHome_1\jdk\jre\bin;D:\DevSuiteHome_1\jdk\jre\bin\client;D:\DevSuiteHome_1\jlib;D:\DevSuiteHome_1\bin;D:\DevSuiteHome_1\jre\1.4.2\bin\client;D:\DevSuiteHome_1\jre\1.4.2\bin;%Path2%;C:\Program Files\NVIDIA Corporation\NVIDIA App\NvDLISR;C:\Program Files\Microsoft SQL Server\Client SDK\ODBC\170\Tools\Binn\;C:\Program Files\Microsoft SQL Server\160\DTS\Binn\;C:\Program Files\dotnet\;C:\Users\Admin\AppData\Local\nvm;C:\nvm4w\nodejs;C:\WINDOWS\System32\WindowsPowerShell\v1.0\;C:\Program Files\Docker\Docker\resources\bin;C:\apache-maven-3.9.12\bin;C:\Program Files\cursor\resources\app\bin;C:\Program Files\Java\jdk-17\bin;C:\Users\Admin\AppData\Local\Microsoft\WindowsApps;C:\Users\Admin\AppData\Roaming\npm;C:\Users\Admin\AppData\Local\GitHubDesktop\bin;C:\Program Files (x86)\flutter\bin;C:\Program Files (x86)\DartSDK\dart-sdk\bin;C:\Users\Admin\flutter\bin;C:\Program Files\JetBrains\IntelliJ IDEA 2024.2.0.2\bin;C:\Users\Admin\AppData\Local\gitkraken\bin;C:\Users\Admin\AppData\Local\Microsoft\WindowsApps;C:\Users\Admin\AppData\Local\Programs\Microsoft VS Code\bin;C:\Users\Admin\AppData\Local\spicetify;C:\Users\Admin\AppData\Local\nvm;C:\nvm4w\nodejs;C:\Users\Admin\AppData\Local\Programs\Antigravity\bin
USERNAME=Minh Cuong
OS=Windows_NT
PROCESSOR_IDENTIFIER=AMD64 Family 25 Model 97 Stepping 2, AuthenticAMD
TMP=C:\Users\Admin\AppData\Local\Temp
TEMP=C:\Users\Admin\AppData\Local\Temp




Periodic native trim disabled

---------------  S Y S T E M  ---------------

OS:
 Windows 11 , 64 bit Build 26100 (10.0.26100.7920)
OS uptime: 0 days 6:51 hours
Hyper-V role detected

CPU: total 32 (initial active 32) (32 cores per cpu, 2 threads per core) family 25 model 97 stepping 2 microcode 0xa60120c, cx8, cmov, fxsr, ht, mmx, 3dnowpref, sse, sse2, sse3, ssse3, sse4a, sse4.1, sse4.2, popcnt, lzcnt, tsc, tscinvbit, avx, avx2, aes, erms, clmul, bmi1, bmi2, adx, avx512f, avx512dq, avx512cd, avx512bw, avx512vl, sha, fma, vzeroupper, avx512_vpopcntdq, avx512_vpclmulqdq, avx512_vaes, avx512_vnni, clflush, clflushopt, avx512_vbmi2, avx512_vbmi, hv, rdtscp, rdpid, fsrm, gfni, avx512_bitalg, f16c, cet_ss, avx512_ifma
Processor Information for processor 0
  Max Mhz: 2501, Current Mhz: 2007, Mhz Limit: 2501
Processor Information for processor 1
  Max Mhz: 2501, Current Mhz: 2007, Mhz Limit: 2501
Processor Information for processor 2
  Max Mhz: 2501, Current Mhz: 2007, Mhz Limit: 2501
Processor Information for processor 3
  Max Mhz: 2501, Current Mhz: 2007, Mhz Limit: 2501
Processor Information for processor 4
  Max Mhz: 2501, Current Mhz: 2007, Mhz Limit: 2501
Processor Information for processor 5
  Max Mhz: 2501, Current Mhz: 2007, Mhz Limit: 2501
Processor Information for processor 6
  Max Mhz: 2501, Current Mhz: 2007, Mhz Limit: 2501
Processor Information for processor 7
  Max Mhz: 2501, Current Mhz: 2007, Mhz Limit: 2501
Processor Information for processor 8
  Max Mhz: 2501, Current Mhz: 2007, Mhz Limit: 2501
Processor Information for processor 9
  Max Mhz: 2501, Current Mhz: 2007, Mhz Limit: 2501
Processor Information for processor 10
  Max Mhz: 2501, Current Mhz: 2007, Mhz Limit: 2501
Processor Information for processor 11
  Max Mhz: 2501, Current Mhz: 2007, Mhz Limit: 2501
Processor Information for processor 12
  Max Mhz: 2501, Current Mhz: 2007, Mhz Limit: 2501
Processor Information for processor 13
  Max Mhz: 2501, Current Mhz: 2007, Mhz Limit: 2501
Processor Information for processor 14
  Max Mhz: 2501, Current Mhz: 2007, Mhz Limit: 2501
Processor Information for processor 15
  Max Mhz: 2501, Current Mhz: 2007, Mhz Limit: 2501
Processor Information for processor 16
  Max Mhz: 2501, Current Mhz: 2007, Mhz Limit: 2501
Processor Information for processor 17
  Max Mhz: 2501, Current Mhz: 2007, Mhz Limit: 2501
Processor Information for processor 18
  Max Mhz: 2501, Current Mhz: 2007, Mhz Limit: 2501
Processor Information for processor 19
  Max Mhz: 2501, Current Mhz: 2007, Mhz Limit: 2501
Processor Information for processor 20
  Max Mhz: 2501, Current Mhz: 2007, Mhz Limit: 2501
Processor Information for processor 21
  Max Mhz: 2501, Current Mhz: 2007, Mhz Limit: 2501
Processor Information for processor 22
  Max Mhz: 2501, Current Mhz: 2007, Mhz Limit: 2501
Processor Information for processor 23
  Max Mhz: 2501, Current Mhz: 2007, Mhz Limit: 2501
Processor Information for processor 24
  Max Mhz: 2501, Current Mhz: 2007, Mhz Limit: 2501
Processor Information for processor 25
  Max Mhz: 2501, Current Mhz: 2007, Mhz Limit: 2501
Processor Information for processor 26
  Max Mhz: 2501, Current Mhz: 2501, Mhz Limit: 2501
Processor Information for processor 27
  Max Mhz: 2501, Current Mhz: 2007, Mhz Limit: 2501
Processor Information for processor 28
  Max Mhz: 2501, Current Mhz: 2007, Mhz Limit: 2501
Processor Information for processor 29
  Max Mhz: 2501, Current Mhz: 2007, Mhz Limit: 2501
Processor Information for processor 30
  Max Mhz: 2501, Current Mhz: 2007, Mhz Limit: 2501
Processor Information for processor 31
  Max Mhz: 2501, Current Mhz: 2007, Mhz Limit: 2501

Memory: 4k page, system-wide physical 16064M (745M free)
TotalPageFile size 32064M (AvailPageFile size 3M)
current process WorkingSet (physical memory assigned to process): 99M, peak: 99M
current process commit charge ("private bytes"): 292M, peak: 292M

vm_info: OpenJDK 64-Bit Server VM (21.0.10+7-LTS) for windows-amd64 JRE (21.0.10+7-LTS), built on 2026-01-20T00:00:00Z by "admin" with MS VC++ 17.12 (VS2022)

END.
