#
# There is insufficient memory for the Java Runtime Environment to continue.
# Native memory allocation (malloc) failed to allocate 1533296 bytes. Error detail: Chunk::new
# Possible reasons:
#   The system is out of physical RAM or swap space
#   This process is running with CompressedOops enabled, and the Java Heap may be blocking the growth of the native heap
# Possible solutions:
#   Reduce memory load on the system
#   Increase physical memory or swap space
#   Check if swap backing store is full
#   Decrease Java heap size (-Xmx/-Xms)
#   Decrease number of Java threads
#   Decrease Java thread stack sizes (-Xss)
#   Set larger code cache with -XX:ReservedCodeCacheSize=
#   JVM is running with Unscaled Compressed Oops mode in which the Java heap is
#     placed in the first 4GB address space. The Java Heap base address is the
#     maximum limit for the native heap growth. Please use -XX:HeapBaseMinAddress
#     to set the Java Heap base and to place the Java Heap above 4GB virtual address.
# This output file may be truncated or incomplete.
#
#  Out of Memory Error (arena.cpp:168), pid=38168, tid=18180
#
# JRE version: OpenJDK Runtime Environment Temurin-21.0.10+7 (21.0.10+7) (build 21.0.10+7-LTS)
# Java VM: OpenJDK 64-Bit Server VM Temurin-21.0.10+7 (21.0.10+7-LTS, mixed mode, sharing, tiered, compressed oops, compressed class ptrs, parallel gc, windows-amd64)
# No core dump will be written. Minidumps are not enabled by default on client versions of Windows
#

---------------  S U M M A R Y ------------

Command Line: --add-modules=ALL-SYSTEM --add-opens=java.base/java.util=ALL-UNNAMED --add-opens=java.base/java.lang=ALL-UNNAMED --add-opens=java.base/sun.nio.fs=ALL-UNNAMED -Declipse.application=org.eclipse.jdt.ls.core.id1 -Dosgi.bundles.defaultStartLevel=4 -Declipse.product=org.eclipse.jdt.ls.core.product -Djava.import.generatesMetadataFilesAtProjectRoot=false -DDetectVMInstallationsJob.disabled=true -Dfile.encoding=utf8 -XX:+UseParallelGC -XX:GCTimeRatio=4 -XX:AdaptiveSizePolicyWeight=90 -Dsun.zip.disableMemoryMapping=true -Xmx2G -Xms100m -Xlog:disable -javaagent:c:\Users\Admin\.antigravity\extensions\redhat.java-1.53.0-win32-x64\lombok\lombok-1.18.39-4050.jar -XX:+HeapDumpOnOutOfMemoryError -XX:HeapDumpPath=c:\Users\Admin\AppData\Roaming\Antigravity\User\workspaceStorage\8ce66ecac635b267211035aa95324632\redhat.java -Daether.dependencyCollector.impl=bf c:\Users\Admin\.antigravity\extensions\redhat.java-1.53.0-win32-x64\server\plugins\org.eclipse.equinox.launcher_1.7.100.v20251111-0406.jar -configuration c:\Users\Admin\AppData\Roaming\Antigravity\User\globalStorage\redhat.java\1.53.0\config_win -data c:\Users\Admin\AppData\Roaming\Antigravity\User\workspaceStorage\8ce66ecac635b267211035aa95324632\redhat.java\jdt_ws --pipe=\\.\pipe\lsp-edda39f36c2701b334b4f4241af3f2b6-sock

Host: AMD Ryzen 9 7945HX with Radeon Graphics        , 32 cores, 15G,  Windows 11 , 64 bit Build 26100 (10.0.26100.7920)
Time: Fri Mar 13 23:16:03 2026 SE Asia Standard Time elapsed time: 12.335988 seconds (0d 0h 0m 12s)

---------------  T H R E A D  ---------------

Current thread (0x000002497b54df20):  JavaThread "C2 CompilerThread0" daemon [_thread_in_native, id=18180, stack(0x000000d515c00000,0x000000d515d00000) (1024K)]


Current CompileTask:
C2:12336 4848       4       org.eclipse.osgi.internal.loader.BundleLoader::addExportedProvidersFor (167 bytes)

Stack: [0x000000d515c00000,0x000000d515d00000]
Native frames: (J=compiled Java code, j=interpreted, Vv=VM code, C=native code)
V  [jvm.dll+0x6d7a39]
V  [jvm.dll+0x8b4b26]
V  [jvm.dll+0x8b70de]
V  [jvm.dll+0x8b77c3]
V  [jvm.dll+0x284346]
V  [jvm.dll+0xc66ed]
V  [jvm.dll+0xc6c31]
V  [jvm.dll+0x3bec01]
V  [jvm.dll+0x38b162]
V  [jvm.dll+0x38a5aa]
V  [jvm.dll+0x24c560]
V  [jvm.dll+0x24bb40]
V  [jvm.dll+0x1cb34e]
V  [jvm.dll+0x25b85d]
V  [jvm.dll+0x259dea]
V  [jvm.dll+0x3f857e]
V  [jvm.dll+0x85f59d]
V  [jvm.dll+0x6d626d]
C  [ucrtbase.dll+0x37b0]
C  [KERNEL32.DLL+0x2e8d7]
C  [ntdll.dll+0x8c48c]


---------------  P R O C E S S  ---------------

Threads class SMR info:
_java_thread_list=0x000002495c587f40, length=63, elements={
0x000002497b48cfe0, 0x000002497b535400, 0x000002497b43e4f0, 0x000002497b53d520,
0x000002497b5401c0, 0x000002497b5463e0, 0x000002495440efe0, 0x000002497b54df20,
0x0000024954415120, 0x00000249544d21f0, 0x000002495c05bf80, 0x000002495c175930,
0x000002495ca4b3e0, 0x00000249545a8d10, 0x00000249545945a0, 0x000002495c909c20,
0x000002495c8981b0, 0x000002495c7eedd0, 0x000002495d20e270, 0x000002495d07ef10,
0x000002495d242700, 0x000002495d242d90, 0x000002495d2419e0, 0x000002495d20dba0,
0x000002495d243420, 0x000002495d23ffa0, 0x000002495d240630, 0x000002495d240cc0,
0x000002495d241350, 0x000002495d242070, 0x000002495e0d7c80, 0x000002495e0d9d50,
0x000002495e0da3e0, 0x000002495e0d6f60, 0x000002495e0d8310, 0x000002495e0d89a0,
0x000002495e0daa70, 0x000002495e0d9030, 0x000002495e0d75f0, 0x000002495e0db790,
0x000002495e0db100, 0x000002495e0d96c0, 0x000002495e0dd1d0, 0x000002495e0dd860,
0x000002495e0dbe20, 0x000002495e0dc4b0, 0x000002495e0ddef0, 0x000002495e0dcb40,
0x000002495e0de580, 0x000002495e1a03f0, 0x000002495e19f040, 0x000002495e19fd60,
0x000002495e1a2b50, 0x000002495e1a24c0, 0x000002495e1a1e30, 0x000002495e1a1110,
0x000002495e1a0a80, 0x000002495e1a17a0, 0x000002495e19f6d0, 0x000002495e1a4590,
0x000002495e1a3870, 0x000002495e1a31e0, 0x000002495e1a3f00
}

Java Threads: ( => current thread )
  0x000002497b48cfe0 JavaThread "main"                              [_thread_blocked, id=14140, stack(0x000000d515200000,0x000000d515300000) (1024K)]
  0x000002497b535400 JavaThread "Reference Handler"          daemon [_thread_blocked, id=15560, stack(0x000000d515600000,0x000000d515700000) (1024K)]
  0x000002497b43e4f0 JavaThread "Finalizer"                  daemon [_thread_blocked, id=8116, stack(0x000000d515700000,0x000000d515800000) (1024K)]
  0x000002497b53d520 JavaThread "Signal Dispatcher"          daemon [_thread_blocked, id=34380, stack(0x000000d515800000,0x000000d515900000) (1024K)]
  0x000002497b5401c0 JavaThread "Attach Listener"            daemon [_thread_blocked, id=23284, stack(0x000000d515900000,0x000000d515a00000) (1024K)]
  0x000002497b5463e0 JavaThread "Service Thread"             daemon [_thread_blocked, id=21948, stack(0x000000d515a00000,0x000000d515b00000) (1024K)]
  0x000002495440efe0 JavaThread "Monitor Deflation Thread"   daemon [_thread_blocked, id=32536, stack(0x000000d515b00000,0x000000d515c00000) (1024K)]
=>0x000002497b54df20 JavaThread "C2 CompilerThread0"         daemon [_thread_in_native, id=18180, stack(0x000000d515c00000,0x000000d515d00000) (1024K)]
  0x0000024954415120 JavaThread "C1 CompilerThread0"         daemon [_thread_blocked, id=28864, stack(0x000000d515d00000,0x000000d515e00000) (1024K)]
  0x00000249544d21f0 JavaThread "C1 CompilerThread1"         daemon [_thread_blocked, id=17828, stack(0x000000d515e00000,0x000000d515f00000) (1024K)]
  0x000002495c05bf80 JavaThread "Common-Cleaner"             daemon [_thread_blocked, id=18388, stack(0x000000d516000000,0x000000d516100000) (1024K)]
  0x000002495c175930 JavaThread "Notification Thread"        daemon [_thread_blocked, id=13408, stack(0x000000d516400000,0x000000d516500000) (1024K)]
  0x000002495ca4b3e0 JavaThread "Active Thread: Equinox Container: 9116b293-bbc6-49e9-9210-7f6f435758ee"        [_thread_blocked, id=4472, stack(0x000000d516c00000,0x000000d516d00000) (1024K)]
  0x00000249545a8d10 JavaThread "Refresh Thread: Equinox Container: 9116b293-bbc6-49e9-9210-7f6f435758ee" daemon [_thread_blocked, id=5412, stack(0x000000d515f00000,0x000000d516000000) (1024K)]
  0x00000249545945a0 JavaThread "Framework Event Dispatcher: Equinox Container: 9116b293-bbc6-49e9-9210-7f6f435758ee" daemon [_thread_blocked, id=32480, stack(0x000000d516100000,0x000000d516200000) (1024K)]
  0x000002495c909c20 JavaThread "Start Level: Equinox Container: 9116b293-bbc6-49e9-9210-7f6f435758ee" daemon [_thread_blocked, id=36892, stack(0x000000d516200000,0x000000d516300000) (1024K)]
  0x000002495c8981b0 JavaThread "Bundle File Closer"         daemon [_thread_blocked, id=16688, stack(0x000000d517000000,0x000000d517100000) (1024K)]
  0x000002495c7eedd0 JavaThread "SCR Component Actor"        daemon [_thread_blocked, id=6480, stack(0x000000d516f00000,0x000000d517000000) (1024K)]
  0x000002495d20e270 JavaThread "C2 CompilerThread1"         daemon [_thread_in_native, id=31712, stack(0x000000d517100000,0x000000d517200000) (1024K)]
  0x000002495d07ef10 JavaThread "Worker-JM"                         [_thread_blocked, id=35400, stack(0x000000d517400000,0x000000d517500000) (1024K)]
  0x000002495d242700 JavaThread "JNA Cleaner"                daemon [_thread_blocked, id=32476, stack(0x000000d517700000,0x000000d517800000) (1024K)]
  0x000002495d242d90 JavaThread "Worker-0"                          [_thread_blocked, id=35940, stack(0x000000d517800000,0x000000d517900000) (1024K)]
  0x000002495d2419e0 JavaThread "Worker-1: Initialize After Load"        [_thread_in_native, id=6180, stack(0x000000d517900000,0x000000d517a00000) (1024K)]
  0x000002495d20dba0 JavaThread "C2 CompilerThread2"         daemon [_thread_in_native, id=17472, stack(0x000000d517200000,0x000000d517300000) (1024K)]
  0x000002495d243420 JavaThread "Java indexing"              daemon [_thread_blocked, id=23108, stack(0x000000d518200000,0x000000d518300000) (1024K)]
  0x000002495d23ffa0 JavaThread "Worker-2: Repository registry initialization"        [_thread_in_native, id=34024, stack(0x000000d518500000,0x000000d518600000) (1024K)]
  0x000002495d240630 JavaThread "Worker-3"                          [_thread_blocked, id=17580, stack(0x000000d518900000,0x000000d518a00000) (1024K)]
  0x000002495d240cc0 JavaThread "Thread-1"                   daemon [_thread_in_native, id=19924, stack(0x000000d518a00000,0x000000d518b00000) (1024K)]
  0x000002495d241350 JavaThread "Thread-2"                   daemon [_thread_in_native, id=3400, stack(0x000000d518b00000,0x000000d518c00000) (1024K)]
  0x000002495d242070 JavaThread "Thread-3"                   daemon [_thread_in_native, id=6484, stack(0x000000d518c00000,0x000000d518d00000) (1024K)]
  0x000002495e0d7c80 JavaThread "Thread-4"                   daemon [_thread_in_native, id=2956, stack(0x000000d518d00000,0x000000d518e00000) (1024K)]
  0x000002495e0d9d50 JavaThread "Thread-5"                   daemon [_thread_in_native, id=9952, stack(0x000000d518e00000,0x000000d518f00000) (1024K)]
  0x000002495e0da3e0 JavaThread "Thread-6"                   daemon [_thread_in_native, id=15576, stack(0x000000d518f00000,0x000000d519000000) (1024K)]
  0x000002495e0d6f60 JavaThread "Thread-7"                   daemon [_thread_in_native, id=27920, stack(0x000000d519000000,0x000000d519100000) (1024K)]
  0x000002495e0d8310 JavaThread "Thread-8"                   daemon [_thread_in_native, id=28788, stack(0x000000d519100000,0x000000d519200000) (1024K)]
  0x000002495e0d89a0 JavaThread "Thread-9"                   daemon [_thread_in_native, id=16328, stack(0x000000d519200000,0x000000d519300000) (1024K)]
  0x000002495e0daa70 JavaThread "Thread-10"                  daemon [_thread_in_native, id=37136, stack(0x000000d519300000,0x000000d519400000) (1024K)]
  0x000002495e0d9030 JavaThread "Thread-11"                  daemon [_thread_in_native, id=28328, stack(0x000000d519400000,0x000000d519500000) (1024K)]
  0x000002495e0d75f0 JavaThread "Thread-12"                  daemon [_thread_in_native, id=22260, stack(0x000000d519500000,0x000000d519600000) (1024K)]
  0x000002495e0db790 JavaThread "Thread-13"                  daemon [_thread_in_native, id=33620, stack(0x000000d519600000,0x000000d519700000) (1024K)]
  0x000002495e0db100 JavaThread "Thread-14"                  daemon [_thread_in_native, id=5592, stack(0x000000d519700000,0x000000d519800000) (1024K)]
  0x000002495e0d96c0 JavaThread "Thread-15"                  daemon [_thread_in_native, id=36112, stack(0x000000d519800000,0x000000d519900000) (1024K)]
  0x000002495e0dd1d0 JavaThread "Thread-16"                  daemon [_thread_in_native, id=3956, stack(0x000000d519900000,0x000000d519a00000) (1024K)]
  0x000002495e0dd860 JavaThread "Thread-17"                  daemon [_thread_in_native, id=34692, stack(0x000000d519a00000,0x000000d519b00000) (1024K)]
  0x000002495e0dbe20 JavaThread "Thread-18"                  daemon [_thread_in_native, id=24616, stack(0x000000d519b00000,0x000000d519c00000) (1024K)]
  0x000002495e0dc4b0 JavaThread "Thread-19"                  daemon [_thread_in_native, id=10752, stack(0x000000d519c00000,0x000000d519d00000) (1024K)]
  0x000002495e0ddef0 JavaThread "Thread-20"                  daemon [_thread_in_native, id=35572, stack(0x000000d519d00000,0x000000d519e00000) (1024K)]
  0x000002495e0dcb40 JavaThread "Thread-21"                  daemon [_thread_in_native, id=30916, stack(0x000000d519e00000,0x000000d519f00000) (1024K)]
  0x000002495e0de580 JavaThread "Thread-22"                  daemon [_thread_in_native, id=35812, stack(0x000000d519f00000,0x000000d51a000000) (1024K)]
  0x000002495e1a03f0 JavaThread "Thread-23"                  daemon [_thread_in_native, id=22872, stack(0x000000d51a000000,0x000000d51a100000) (1024K)]
  0x000002495e19f040 JavaThread "Thread-24"                  daemon [_thread_in_native, id=22488, stack(0x000000d51a100000,0x000000d51a200000) (1024K)]
  0x000002495e19fd60 JavaThread "Thread-25"                  daemon [_thread_in_native, id=15300, stack(0x000000d51a200000,0x000000d51a300000) (1024K)]
  0x000002495e1a2b50 JavaThread "Thread-26"                  daemon [_thread_in_native, id=33284, stack(0x000000d51a300000,0x000000d51a400000) (1024K)]
  0x000002495e1a24c0 JavaThread "Thread-27"                  daemon [_thread_in_native, id=27604, stack(0x000000d51a400000,0x000000d51a500000) (1024K)]
  0x000002495e1a1e30 JavaThread "Thread-28"                  daemon [_thread_in_native, id=38280, stack(0x000000d51a500000,0x000000d51a600000) (1024K)]
  0x000002495e1a1110 JavaThread "Thread-29"                  daemon [_thread_in_native, id=22448, stack(0x000000d51a600000,0x000000d51a700000) (1024K)]
  0x000002495e1a0a80 JavaThread "Thread-30"                  daemon [_thread_in_native, id=37844, stack(0x000000d51a700000,0x000000d51a800000) (1024K)]
  0x000002495e1a17a0 JavaThread "Thread-31"                  daemon [_thread_in_native, id=36676, stack(0x000000d51a800000,0x000000d51a900000) (1024K)]
  0x000002495e19f6d0 JavaThread "Thread-32"                  daemon [_thread_in_native, id=22744, stack(0x000000d51a900000,0x000000d51aa00000) (1024K)]
  0x000002495e1a4590 JavaThread "Thread-33"                  daemon [_thread_in_native, id=5072, stack(0x000000d51aa00000,0x000000d51ab00000) (1024K)]
  0x000002495e1a3870 JavaThread "pool-2-thread-1"                   [_thread_blocked, id=39816, stack(0x000000d51ab00000,0x000000d51ac00000) (1024K)]
  0x000002495e1a31e0 JavaThread "WorkspaceEventsHandler"            [_thread_blocked, id=33168, stack(0x000000d51ad00000,0x000000d51ae00000) (1024K)]
  0x000002495e1a3f00 JavaThread "pool-1-thread-1"                   [_thread_blocked, id=36528, stack(0x000000d51ae00000,0x000000d51af00000) (1024K)]
Total: 63

Other Threads:
  0x000002497b42dc00 VMThread "VM Thread"                           [id=27276, stack(0x000000d515500000,0x000000d515600000) (1024K)]
  0x000002497b4fc000 WatcherThread "VM Periodic Task Thread"        [id=26788, stack(0x000000d515400000,0x000000d515500000) (1024K)]
  0x000002497b4ab680 WorkerThread "GC Thread#0"                     [id=38932, stack(0x000000d515300000,0x000000d515400000) (1024K)]
  0x000002495c55c700 WorkerThread "GC Thread#1"                     [id=36240, stack(0x000000d516600000,0x000000d516700000) (1024K)]
  0x000002495c8b26e0 WorkerThread "GC Thread#2"                     [id=37488, stack(0x000000d516700000,0x000000d516800000) (1024K)]
  0x000002495c8b0a20 WorkerThread "GC Thread#3"                     [id=39504, stack(0x000000d516800000,0x000000d516900000) (1024K)]
  0x000002495c8a5e80 WorkerThread "GC Thread#4"                     [id=33720, stack(0x000000d516900000,0x000000d516a00000) (1024K)]
  0x000002495c8a6640 WorkerThread "GC Thread#5"                     [id=33576, stack(0x000000d516a00000,0x000000d516b00000) (1024K)]
  0x000002495c60c0e0 WorkerThread "GC Thread#6"                     [id=16096, stack(0x000000d516b00000,0x000000d516c00000) (1024K)]
  0x000002495c996220 WorkerThread "GC Thread#7"                     [id=31752, stack(0x000000d516d00000,0x000000d516e00000) (1024K)]
  0x00000249544bc790 WorkerThread "GC Thread#8"                     [id=35900, stack(0x000000d516300000,0x000000d516400000) (1024K)]
  0x000002495c3639d0 WorkerThread "GC Thread#9"                     [id=35688, stack(0x000000d516500000,0x000000d516600000) (1024K)]
  0x000002495c710990 WorkerThread "GC Thread#10"                    [id=23316, stack(0x000000d516e00000,0x000000d516f00000) (1024K)]
  0x000002495cfd3130 WorkerThread "GC Thread#11"                    [id=37884, stack(0x000000d517500000,0x000000d517600000) (1024K)]
  0x000002495cfd2d80 WorkerThread "GC Thread#12"                    [id=35972, stack(0x000000d517600000,0x000000d517700000) (1024K)]
  0x000002495cfd29d0 WorkerThread "GC Thread#13"                    [id=29304, stack(0x000000d517a00000,0x000000d517b00000) (1024K)]
  0x000002495cfd1760 WorkerThread "GC Thread#14"                    [id=35132, stack(0x000000d517b00000,0x000000d517c00000) (1024K)]
  0x000002495cfd1ec0 WorkerThread "GC Thread#15"                    [id=20088, stack(0x000000d517e00000,0x000000d517f00000) (1024K)]
  0x000002495cfd2270 WorkerThread "GC Thread#16"                    [id=34020, stack(0x000000d517f00000,0x000000d518000000) (1024K)]
  0x000002495cfd2620 WorkerThread "GC Thread#17"                    [id=15276, stack(0x000000d518000000,0x000000d518100000) (1024K)]
  0x000002495dcb0960 WorkerThread "GC Thread#18"                    [id=22452, stack(0x000000d518100000,0x000000d518200000) (1024K)]
  0x000002495dcb2e40 WorkerThread "GC Thread#19"                    [id=24724, stack(0x000000d518600000,0x000000d518700000) (1024K)]
  0x000002495dcb1bd0 WorkerThread "GC Thread#20"                    [id=22876, stack(0x000000d518700000,0x000000d518800000) (1024K)]
  0x000002495dcaf6f0 WorkerThread "GC Thread#21"                    [id=22720, stack(0x000000d518800000,0x000000d518900000) (1024K)]
  0x000002495dcafaa0 WorkerThread "GC Thread#22"                    [id=31148, stack(0x000000d51ac00000,0x000000d51ad00000) (1024K)]
Total: 25

Threads with active compile tasks:
C2 CompilerThread0  12360 4848       4       org.eclipse.osgi.internal.loader.BundleLoader::addExportedProvidersFor (167 bytes)
C2 CompilerThread1  12360 5030       4       com.google.gson.stream.JsonReader::nextString (168 bytes)
C2 CompilerThread2  12360 5420       4       java.util.Properties$LineReader::readLine (584 bytes)
Total: 3

VM state: not at safepoint (normal execution)

VM Mutex/Monitor currently owned by a thread: None

Heap address: 0x0000000080000000, size: 2048 MB, Compressed Oops mode: 32-bit

CDS archive(s) mapped at: [0x0000024913000000-0x0000024913ba0000-0x0000024913ba0000), size 12189696, SharedBaseAddress: 0x0000024913000000, ArchiveRelocationMode: 1.
Compressed class space mapped at: 0x0000024914000000-0x0000024954000000, reserved size: 1073741824
Narrow klass base: 0x0000024913000000, Narrow klass shift: 0, Narrow klass range: 0x100000000

GC Precious Log:
 CardTable entry size: 512
 CPUs: 32 total, 32 available
 Memory: 16064M
 Large Page Support: Disabled
 NUMA Support: Disabled
 Compressed Oops: Enabled (32-bit)
 Alignments: Space 512K, Generation 512K, Heap 2M
 Heap Min Capacity: 100M
 Heap Initial Capacity: 100M
 Heap Max Capacity: 2G
 Pre-touch: Disabled
 Parallel Workers: 23

Heap:
 PSYoungGen      total 23552K, used 12243K [0x00000000d5580000, 0x00000000d7180000, 0x0000000100000000)
  eden space 22016K, 55% used [0x00000000d5580000,0x00000000d6174cc0,0x00000000d6b00000)
  from space 1536K, 0% used [0x00000000d6b00000,0x00000000d6b00000,0x00000000d6c80000)
  to   space 2560K, 0% used [0x00000000d6f00000,0x00000000d6f00000,0x00000000d7180000)
 ParOldGen       total 68608K, used 20745K [0x0000000080000000, 0x0000000084300000, 0x00000000d5580000)
  object space 68608K, 30% used [0x0000000080000000,0x0000000081442580,0x0000000084300000)
 Metaspace       used 36058K, committed 37312K, reserved 1114112K
  class space    used 3693K, committed 4224K, reserved 1048576K

Card table byte_map: [0x000002497ae30000,0x000002497b240000] _byte_map_base: 0x000002497aa30000

Marking Bits: (ParMarkBitMap*) 0x00007fffad693450
 Begin Bits: [0x000002490f000000, 0x0000024911000000)
 End Bits:   [0x0000024911000000, 0x0000024913000000)

Polling page: 0x0000024978f70000

Metaspace:

Usage:
  Non-class:     31.61 MB used.
      Class:      3.61 MB used.
       Both:     35.21 MB used.

Virtual space:
  Non-class space:       64.00 MB reserved,      32.31 MB ( 50%) committed,  1 nodes.
      Class space:        1.00 GB reserved,       4.12 MB ( <1%) committed,  1 nodes.
             Both:        1.06 GB reserved,      36.44 MB (  3%) committed. 

Chunk freelists:
   Non-Class:  15.56 MB
       Class:  11.85 MB
        Both:  27.42 MB

MaxMetaspaceSize: unlimited
CompressedClassSpaceSize: 1.00 GB
Initial GC threshold: 21.00 MB
Current GC threshold: 58.38 MB
CDS: on
 - commit_granule_bytes: 65536.
 - commit_granule_words: 8192.
 - virtual_space_node_default_size: 8388608.
 - enlarge_chunks_in_place: 1.
 - use_allocation_guard: 0.


Internal statistics:

num_allocs_failed_limit: 8.
num_arena_births: 902.
num_arena_deaths: 14.
num_vsnodes_births: 2.
num_vsnodes_deaths: 0.
num_space_committed: 583.
num_space_uncommitted: 0.
num_chunks_returned_to_freelist: 22.
num_chunks_taken_from_freelist: 2497.
num_chunk_merges: 9.
num_chunk_splits: 1542.
num_chunks_enlarged: 897.
num_inconsistent_stats: 0.

CodeHeap 'non-profiled nmethods': size=118848Kb used=2100Kb max_used=2360Kb free=116747Kb
 bounds [0x0000024907bf0000, 0x0000024907e60000, 0x000002490f000000]
CodeHeap 'profiled nmethods': size=118848Kb used=10088Kb max_used=11246Kb free=108759Kb
 bounds [0x0000024900000000, 0x0000024900b00000, 0x0000024907410000]
CodeHeap 'non-nmethods': size=8064Kb used=1932Kb max_used=3666Kb free=6131Kb
 bounds [0x0000024907410000, 0x0000024907810000, 0x0000024907bf0000]
CodeCache: size=245760Kb, used=14120Kb, max_used=17272Kb, free=231637Kb
 total_blobs=5483, nmethods=4827, adapters=561, full_count=0
Compilation: enabled, stopped_count=0, restarted_count=0

Compilation events (20 events):
Event: 11.311 Thread 0x000002495d20ce00 nmethod 5408 0x00000249002a3c10 code [0x00000249002a3dc0, 0x00000249002a3f50]
Event: 11.311 Thread 0x0000024954415120 5410       3       jdk.internal.reflect.Reflection::filter (165 bytes)
Event: 11.311 Thread 0x000002495d20ce00 5411       3       sun.reflect.generics.parser.SignatureParser::parseTypeSig (10 bytes)
Event: 11.311 Thread 0x00000249544d21f0 nmethod 5406 0x00000249001f5890 code [0x00000249001f5ae0, 0x00000249001f64c0]
Event: 11.312 Thread 0x000002495d20d4d0 5412       3       sun.reflect.annotation.AnnotationType::getInstance (65 bytes)
Event: 11.312 Thread 0x000002495d20c060 5413       3       java.lang.System$2::getAnnotationType (5 bytes)
Event: 11.312 Thread 0x000002495d20ce00 nmethod 5411 0x000002490048b210 code [0x000002490048b3c0, 0x000002490048b580]
Event: 11.312 Thread 0x000002495d20c060 nmethod 5413 0x000002490048f990 code [0x000002490048fb20, 0x000002490048fc50]
Event: 11.312 Thread 0x000002495d20d4d0 nmethod 5412 0x0000024900398290 code [0x00000249003984a0, 0x0000024900398a20]
Event: 11.312 Thread 0x0000024954415120 nmethod 5410 0x00000249003be990 code [0x00000249003bec20, 0x00000249003bf9c8]
Event: 11.316 Thread 0x00000249544d21f0 5415       3       java.util.Locale::hashCode (41 bytes)
Event: 11.316 Thread 0x00000249544d21f0 nmethod 5415 0x00000249006e7490 code [0x00000249006e7660, 0x00000249006e7860]
Event: 11.317 Thread 0x00000249544d21f0 5416       3       java.util.Formatter$FormatSpecifier::print (57 bytes)
Event: 11.317 Thread 0x000002495d20ce00 5417   !   3       java.nio.CharBuffer::wrap (21 bytes)
Event: 11.317 Thread 0x000002495d20d4d0 5418       3       java.nio.HeapCharBuffer::<init> (23 bytes)
Event: 11.317 Thread 0x00000249544d21f0 nmethod 5416 0x000002490028de10 code [0x000002490028e080, 0x000002490028ea30]
Event: 11.318 Thread 0x000002495d20d4d0 nmethod 5418 0x00000249006ed310 code [0x00000249006ed4c0, 0x00000249006ed640]
Event: 11.318 Thread 0x000002495d20ce00 nmethod 5417 0x00000249006e6390 code [0x00000249006e6560, 0x00000249006e6810]
Event: 11.320 Thread 0x000002495d20d4d0 5419       3       org.eclipse.osgi.internal.loader.BundleLoader::getResourcePackageName (57 bytes)
Event: 11.320 Thread 0x000002495d20d4d0 nmethod 5419 0x00000249003c0210 code [0x00000249003c04a0, 0x00000249003c0fc0]

GC Heap History (20 events):
Event: 10.139 GC heap before
{Heap before GC invocations=6 (full 0):
 PSYoungGen      total 29184K, used 29178K [0x00000000d5580000, 0x00000000d7a00000, 0x0000000100000000)
  eden space 25088K, 100% used [0x00000000d5580000,0x00000000d6e00000,0x00000000d6e00000)
  from space 4096K, 99% used [0x00000000d6e80000,0x00000000d727eab0,0x00000000d7280000)
  to   space 6144K, 0% used [0x00000000d7400000,0x00000000d7400000,0x00000000d7a00000)
 ParOldGen       total 68608K, used 7664K [0x0000000080000000, 0x0000000084300000, 0x00000000d5580000)
  object space 68608K, 11% used [0x0000000080000000,0x000000008077c078,0x0000000084300000)
 Metaspace       used 18530K, committed 19264K, reserved 1114112K
  class space    used 1936K, committed 2240K, reserved 1048576K
}
Event: 10.142 GC heap after
{Heap after GC invocations=6 (full 0):
 PSYoungGen      total 30208K, used 5299K [0x00000000d5580000, 0x00000000d7980000, 0x0000000100000000)
  eden space 24576K, 0% used [0x00000000d5580000,0x00000000d5580000,0x00000000d6d80000)
  from space 5632K, 94% used [0x00000000d7400000,0x00000000d792cf40,0x00000000d7980000)
  to   space 5632K, 0% used [0x00000000d6e80000,0x00000000d6e80000,0x00000000d7400000)
 ParOldGen       total 68608K, used 7672K [0x0000000080000000, 0x0000000084300000, 0x00000000d5580000)
  object space 68608K, 11% used [0x0000000080000000,0x000000008077e078,0x0000000084300000)
 Metaspace       used 18530K, committed 19264K, reserved 1114112K
  class space    used 1936K, committed 2240K, reserved 1048576K
}
Event: 10.334 GC heap before
{Heap before GC invocations=7 (full 0):
 PSYoungGen      total 30208K, used 27462K [0x00000000d5580000, 0x00000000d7980000, 0x0000000100000000)
  eden space 24576K, 90% used [0x00000000d5580000,0x00000000d6b248c0,0x00000000d6d80000)
  from space 5632K, 94% used [0x00000000d7400000,0x00000000d792cf40,0x00000000d7980000)
  to   space 5632K, 0% used [0x00000000d6e80000,0x00000000d6e80000,0x00000000d7400000)
 ParOldGen       total 68608K, used 7672K [0x0000000080000000, 0x0000000084300000, 0x00000000d5580000)
  object space 68608K, 11% used [0x0000000080000000,0x000000008077e078,0x0000000084300000)
 Metaspace       used 20667K, committed 21504K, reserved 1114112K
  class space    used 2195K, committed 2560K, reserved 1048576K
}
Event: 10.337 GC heap after
{Heap after GC invocations=7 (full 0):
 PSYoungGen      total 29696K, used 4835K [0x00000000d5580000, 0x00000000d7780000, 0x0000000100000000)
  eden space 24576K, 0% used [0x00000000d5580000,0x00000000d5580000,0x00000000d6d80000)
  from space 5120K, 94% used [0x00000000d6e80000,0x00000000d7338ee8,0x00000000d7380000)
  to   space 4096K, 0% used [0x00000000d7380000,0x00000000d7380000,0x00000000d7780000)
 ParOldGen       total 68608K, used 9044K [0x0000000080000000, 0x0000000084300000, 0x00000000d5580000)
  object space 68608K, 13% used [0x0000000080000000,0x00000000808d5048,0x0000000084300000)
 Metaspace       used 20667K, committed 21504K, reserved 1114112K
  class space    used 2195K, committed 2560K, reserved 1048576K
}
Event: 10.337 GC heap before
{Heap before GC invocations=8 (full 1):
 PSYoungGen      total 29696K, used 4835K [0x00000000d5580000, 0x00000000d7780000, 0x0000000100000000)
  eden space 24576K, 0% used [0x00000000d5580000,0x00000000d5580000,0x00000000d6d80000)
  from space 5120K, 94% used [0x00000000d6e80000,0x00000000d7338ee8,0x00000000d7380000)
  to   space 4096K, 0% used [0x00000000d7380000,0x00000000d7380000,0x00000000d7780000)
 ParOldGen       total 68608K, used 9044K [0x0000000080000000, 0x0000000084300000, 0x00000000d5580000)
  object space 68608K, 13% used [0x0000000080000000,0x00000000808d5048,0x0000000084300000)
 Metaspace       used 20667K, committed 21504K, reserved 1114112K
  class space    used 2195K, committed 2560K, reserved 1048576K
}
Event: 10.358 GC heap after
{Heap after GC invocations=8 (full 1):
 PSYoungGen      total 29696K, used 0K [0x00000000d5580000, 0x00000000d7780000, 0x0000000100000000)
  eden space 24576K, 0% used [0x00000000d5580000,0x00000000d5580000,0x00000000d6d80000)
  from space 5120K, 0% used [0x00000000d6e80000,0x00000000d6e80000,0x00000000d7380000)
  to   space 4096K, 0% used [0x00000000d7380000,0x00000000d7380000,0x00000000d7780000)
 ParOldGen       total 68608K, used 13254K [0x0000000080000000, 0x0000000084300000, 0x00000000d5580000)
  object space 68608K, 19% used [0x0000000080000000,0x0000000080cf1918,0x0000000084300000)
 Metaspace       used 20654K, committed 21504K, reserved 1114112K
  class space    used 2191K, committed 2560K, reserved 1048576K
}
Event: 10.488 GC heap before
{Heap before GC invocations=9 (full 1):
 PSYoungGen      total 29696K, used 24576K [0x00000000d5580000, 0x00000000d7780000, 0x0000000100000000)
  eden space 24576K, 100% used [0x00000000d5580000,0x00000000d6d80000,0x00000000d6d80000)
  from space 5120K, 0% used [0x00000000d6e80000,0x00000000d6e80000,0x00000000d7380000)
  to   space 4096K, 0% used [0x00000000d7380000,0x00000000d7380000,0x00000000d7780000)
 ParOldGen       total 68608K, used 13254K [0x0000000080000000, 0x0000000084300000, 0x00000000d5580000)
  object space 68608K, 19% used [0x0000000080000000,0x0000000080cf1918,0x0000000084300000)
 Metaspace       used 22659K, committed 23616K, reserved 1114112K
  class space    used 2366K, committed 2752K, reserved 1048576K
}
Event: 10.489 GC heap after
{Heap after GC invocations=9 (full 1):
 PSYoungGen      total 26624K, used 2314K [0x00000000d5580000, 0x00000000d7600000, 0x0000000100000000)
  eden space 24064K, 0% used [0x00000000d5580000,0x00000000d5580000,0x00000000d6d00000)
  from space 2560K, 90% used [0x00000000d7380000,0x00000000d75c2ab8,0x00000000d7600000)
  to   space 3584K, 0% used [0x00000000d6f00000,0x00000000d6f00000,0x00000000d7280000)
 ParOldGen       total 68608K, used 13262K [0x0000000080000000, 0x0000000084300000, 0x00000000d5580000)
  object space 68608K, 19% used [0x0000000080000000,0x0000000080cf3918,0x0000000084300000)
 Metaspace       used 22659K, committed 23616K, reserved 1114112K
  class space    used 2366K, committed 2752K, reserved 1048576K
}
Event: 10.632 GC heap before
{Heap before GC invocations=10 (full 1):
 PSYoungGen      total 26624K, used 26378K [0x00000000d5580000, 0x00000000d7600000, 0x0000000100000000)
  eden space 24064K, 100% used [0x00000000d5580000,0x00000000d6d00000,0x00000000d6d00000)
  from space 2560K, 90% used [0x00000000d7380000,0x00000000d75c2ab8,0x00000000d7600000)
  to   space 3584K, 0% used [0x00000000d6f00000,0x00000000d6f00000,0x00000000d7280000)
 ParOldGen       total 68608K, used 13262K [0x0000000080000000, 0x0000000084300000, 0x00000000d5580000)
  object space 68608K, 19% used [0x0000000080000000,0x0000000080cf3918,0x0000000084300000)
 Metaspace       used 26318K, committed 27264K, reserved 1114112K
  class space    used 2630K, committed 3008K, reserved 1048576K
}
Event: 10.634 GC heap after
{Heap after GC invocations=10 (full 1):
 PSYoungGen      total 25600K, used 1635K [0x00000000d5580000, 0x00000000d7400000, 0x0000000100000000)
  eden space 23552K, 0% used [0x00000000d5580000,0x00000000d5580000,0x00000000d6c80000)
  from space 2048K, 79% used [0x00000000d6f00000,0x00000000d7098ed0,0x00000000d7100000)
  to   space 2560K, 0% used [0x00000000d7180000,0x00000000d7180000,0x00000000d7400000)
 ParOldGen       total 68608K, used 13270K [0x0000000080000000, 0x0000000084300000, 0x00000000d5580000)
  object space 68608K, 19% used [0x0000000080000000,0x0000000080cf5918,0x0000000084300000)
 Metaspace       used 26318K, committed 27264K, reserved 1114112K
  class space    used 2630K, committed 3008K, reserved 1048576K
}
Event: 10.779 GC heap before
{Heap before GC invocations=11 (full 1):
 PSYoungGen      total 25600K, used 25187K [0x00000000d5580000, 0x00000000d7400000, 0x0000000100000000)
  eden space 23552K, 100% used [0x00000000d5580000,0x00000000d6c80000,0x00000000d6c80000)
  from space 2048K, 79% used [0x00000000d6f00000,0x00000000d7098ed0,0x00000000d7100000)
  to   space 2560K, 0% used [0x00000000d7180000,0x00000000d7180000,0x00000000d7400000)
 ParOldGen       total 68608K, used 13270K [0x0000000080000000, 0x0000000084300000, 0x00000000d5580000)
  object space 68608K, 19% used [0x0000000080000000,0x0000000080cf5918,0x0000000084300000)
 Metaspace       used 27827K, committed 28800K, reserved 1114112K
  class space    used 2727K, committed 3136K, reserved 1048576K
}
Event: 10.781 GC heap after
{Heap after GC invocations=11 (full 1):
 PSYoungGen      total 25088K, used 2011K [0x00000000d5580000, 0x00000000d7380000, 0x0000000100000000)
  eden space 23040K, 0% used [0x00000000d5580000,0x00000000d5580000,0x00000000d6c00000)
  from space 2048K, 98% used [0x00000000d7180000,0x00000000d7376da0,0x00000000d7380000)
  to   space 2560K, 0% used [0x00000000d6e80000,0x00000000d6e80000,0x00000000d7100000)
 ParOldGen       total 68608K, used 15121K [0x0000000080000000, 0x0000000084300000, 0x00000000d5580000)
  object space 68608K, 22% used [0x0000000080000000,0x0000000080ec47a0,0x0000000084300000)
 Metaspace       used 27827K, committed 28800K, reserved 1114112K
  class space    used 2727K, committed 3136K, reserved 1048576K
}
Event: 11.005 GC heap before
{Heap before GC invocations=12 (full 1):
 PSYoungGen      total 25088K, used 25051K [0x00000000d5580000, 0x00000000d7380000, 0x0000000100000000)
  eden space 23040K, 100% used [0x00000000d5580000,0x00000000d6c00000,0x00000000d6c00000)
  from space 2048K, 98% used [0x00000000d7180000,0x00000000d7376da0,0x00000000d7380000)
  to   space 2560K, 0% used [0x00000000d6e80000,0x00000000d6e80000,0x00000000d7100000)
 ParOldGen       total 68608K, used 15121K [0x0000000080000000, 0x0000000084300000, 0x00000000d5580000)
  object space 68608K, 22% used [0x0000000080000000,0x0000000080ec47a0,0x0000000084300000)
 Metaspace       used 31170K, committed 32320K, reserved 1114112K
  class space    used 3100K, committed 3520K, reserved 1048576K
}
Event: 11.008 GC heap after
{Heap after GC invocations=12 (full 1):
 PSYoungGen      total 25088K, used 2180K [0x00000000d5580000, 0x00000000d7200000, 0x0000000100000000)
  eden space 22528K, 0% used [0x00000000d5580000,0x00000000d5580000,0x00000000d6b80000)
  from space 2560K, 85% used [0x00000000d6e80000,0x00000000d70a11d8,0x00000000d7100000)
  to   space 1024K, 0% used [0x00000000d7100000,0x00000000d7100000,0x00000000d7200000)
 ParOldGen       total 68608K, used 17027K [0x0000000080000000, 0x0000000084300000, 0x00000000d5580000)
  object space 68608K, 24% used [0x0000000080000000,0x00000000810a0d88,0x0000000084300000)
 Metaspace       used 31170K, committed 32320K, reserved 1114112K
  class space    used 3100K, committed 3520K, reserved 1048576K
}
Event: 11.126 GC heap before
{Heap before GC invocations=13 (full 1):
 PSYoungGen      total 25088K, used 24704K [0x00000000d5580000, 0x00000000d7200000, 0x0000000100000000)
  eden space 22528K, 99% used [0x00000000d5580000,0x00000000d6b7f0f0,0x00000000d6b80000)
  from space 2560K, 85% used [0x00000000d6e80000,0x00000000d70a11d8,0x00000000d7100000)
  to   space 1024K, 0% used [0x00000000d7100000,0x00000000d7100000,0x00000000d7200000)
 ParOldGen       total 68608K, used 17027K [0x0000000080000000, 0x0000000084300000, 0x00000000d5580000)
  object space 68608K, 24% used [0x0000000080000000,0x00000000810a0d88,0x0000000084300000)
 Metaspace       used 33716K, committed 35008K, reserved 1114112K
  class space    used 3422K, committed 3968K, reserved 1048576K
}
Event: 11.128 GC heap after
{Heap after GC invocations=13 (full 1):
 PSYoungGen      total 23040K, used 1024K [0x00000000d5580000, 0x00000000d7400000, 0x0000000100000000)
  eden space 22016K, 0% used [0x00000000d5580000,0x00000000d5580000,0x00000000d6b00000)
  from space 1024K, 100% used [0x00000000d7100000,0x00000000d7200000,0x00000000d7200000)
  to   space 4608K, 0% used [0x00000000d6b00000,0x00000000d6b00000,0x00000000d6f80000)
 ParOldGen       total 68608K, used 19937K [0x0000000080000000, 0x0000000084300000, 0x00000000d5580000)
  object space 68608K, 29% used [0x0000000080000000,0x00000000813784a8,0x0000000084300000)
 Metaspace       used 33716K, committed 35008K, reserved 1114112K
  class space    used 3422K, committed 3968K, reserved 1048576K
}
Event: 11.195 GC heap before
{Heap before GC invocations=14 (full 1):
 PSYoungGen      total 23040K, used 10612K [0x00000000d5580000, 0x00000000d7400000, 0x0000000100000000)
  eden space 22016K, 43% used [0x00000000d5580000,0x00000000d5edd0a0,0x00000000d6b00000)
  from space 1024K, 100% used [0x00000000d7100000,0x00000000d7200000,0x00000000d7200000)
  to   space 4608K, 0% used [0x00000000d6b00000,0x00000000d6b00000,0x00000000d6f80000)
 ParOldGen       total 68608K, used 19937K [0x0000000080000000, 0x0000000084300000, 0x00000000d5580000)
  object space 68608K, 29% used [0x0000000080000000,0x00000000813784a8,0x0000000084300000)
 Metaspace       used 34601K, committed 35840K, reserved 1114112K
  class space    used 3534K, committed 4096K, reserved 1048576K
}
Event: 11.196 GC heap after
{Heap after GC invocations=14 (full 1):
 PSYoungGen      total 23552K, used 1088K [0x00000000d5580000, 0x00000000d7180000, 0x0000000100000000)
  eden space 22016K, 0% used [0x00000000d5580000,0x00000000d5580000,0x00000000d6b00000)
  from space 1536K, 70% used [0x00000000d6b00000,0x00000000d6c10000,0x00000000d6c80000)
  to   space 2560K, 0% used [0x00000000d6f00000,0x00000000d6f00000,0x00000000d7180000)
 ParOldGen       total 68608K, used 20967K [0x0000000080000000, 0x0000000084300000, 0x00000000d5580000)
  object space 68608K, 30% used [0x0000000080000000,0x0000000081479dd8,0x0000000084300000)
 Metaspace       used 34601K, committed 35840K, reserved 1114112K
  class space    used 3534K, committed 4096K, reserved 1048576K
}
Event: 11.196 GC heap before
{Heap before GC invocations=15 (full 2):
 PSYoungGen      total 23552K, used 1088K [0x00000000d5580000, 0x00000000d7180000, 0x0000000100000000)
  eden space 22016K, 0% used [0x00000000d5580000,0x00000000d5580000,0x00000000d6b00000)
  from space 1536K, 70% used [0x00000000d6b00000,0x00000000d6c10000,0x00000000d6c80000)
  to   space 2560K, 0% used [0x00000000d6f00000,0x00000000d6f00000,0x00000000d7180000)
 ParOldGen       total 68608K, used 20967K [0x0000000080000000, 0x0000000084300000, 0x00000000d5580000)
  object space 68608K, 30% used [0x0000000080000000,0x0000000081479dd8,0x0000000084300000)
 Metaspace       used 34601K, committed 35840K, reserved 1114112K
  class space    used 3534K, committed 4096K, reserved 1048576K
}
Event: 11.219 GC heap after
{Heap after GC invocations=15 (full 2):
 PSYoungGen      total 23552K, used 0K [0x00000000d5580000, 0x00000000d7180000, 0x0000000100000000)
  eden space 22016K, 0% used [0x00000000d5580000,0x00000000d5580000,0x00000000d6b00000)
  from space 1536K, 0% used [0x00000000d6b00000,0x00000000d6b00000,0x00000000d6c80000)
  to   space 2560K, 0% used [0x00000000d6f00000,0x00000000d6f00000,0x00000000d7180000)
 ParOldGen       total 68608K, used 20745K [0x0000000080000000, 0x0000000084300000, 0x00000000d5580000)
  object space 68608K, 30% used [0x0000000080000000,0x0000000081442580,0x0000000084300000)
 Metaspace       used 34601K, committed 35840K, reserved 1114112K
  class space    used 3534K, committed 4096K, reserved 1048576K
}

Dll operation events (10 events):
Event: 0.006 Loaded shared library c:\Users\Admin\.antigravity\extensions\redhat.java-1.53.0-win32-x64\jre\21.0.10-win32-x86_64\bin\java.dll
Event: 0.044 Loaded shared library c:\Users\Admin\.antigravity\extensions\redhat.java-1.53.0-win32-x64\jre\21.0.10-win32-x86_64\bin\zip.dll
Event: 0.057 Loaded shared library C:\Users\Admin\.antigravity\extensions\redhat.java-1.53.0-win32-x64\jre\21.0.10-win32-x86_64\bin\instrument.dll
Event: 0.060 Loaded shared library C:\Users\Admin\.antigravity\extensions\redhat.java-1.53.0-win32-x64\jre\21.0.10-win32-x86_64\bin\net.dll
Event: 0.062 Loaded shared library C:\Users\Admin\.antigravity\extensions\redhat.java-1.53.0-win32-x64\jre\21.0.10-win32-x86_64\bin\nio.dll
Event: 0.065 Loaded shared library C:\Users\Admin\.antigravity\extensions\redhat.java-1.53.0-win32-x64\jre\21.0.10-win32-x86_64\bin\zip.dll
Event: 0.077 Loaded shared library C:\Users\Admin\.antigravity\extensions\redhat.java-1.53.0-win32-x64\jre\21.0.10-win32-x86_64\bin\jimage.dll
Event: 0.118 Loaded shared library c:\Users\Admin\.antigravity\extensions\redhat.java-1.53.0-win32-x64\jre\21.0.10-win32-x86_64\bin\verify.dll
Event: 5.269 Loaded shared library C:\Users\Admin\AppData\Roaming\Antigravity\User\globalStorage\redhat.java\1.53.0\config_win\org.eclipse.equinox.launcher\org.eclipse.equinox.launcher.win32.win32.x86_64_1.3.0.v20260203-2149\eclipse_11919.dll
Event: 9.989 Loaded shared library C:\Users\Admin\AppData\Local\Temp\jna--1527512980\jna12265104771062692481.dll

Deoptimization events (20 events):
Event: 11.231 Thread 0x000002497b48cfe0 Uncommon trap: trap_request=0xffffff45 fr.pc=0x0000024907d84384 relative=0x0000000000000744
Event: 11.231 Thread 0x000002497b48cfe0 Uncommon trap: reason=unstable_if action=reinterpret pc=0x0000024907d84384 method=java.util.regex.Pattern$BmpCharPropertyGreedy.match(Ljava/util/regex/Matcher;ILjava/lang/CharSequence;)Z @ 12 c2
Event: 11.231 Thread 0x000002497b48cfe0 DEOPT PACKING pc=0x0000024907d84384 sp=0x000000d5152fe160
Event: 11.231 Thread 0x000002497b48cfe0 DEOPT UNPACKING pc=0x0000024907466da2 sp=0x000000d5152fe048 mode 2
Event: 11.241 Thread 0x000002495e1a3f00 Uncommon trap: trap_request=0xffffff45 fr.pc=0x0000024907e3990c relative=0x000000000000152c
Event: 11.241 Thread 0x000002495e1a3f00 Uncommon trap: reason=unstable_if action=reinterpret pc=0x0000024907e3990c method=com.google.gson.stream.JsonReader.nextQuotedValue(C)Ljava/lang/String; @ 121 c2
Event: 11.241 Thread 0x000002495e1a3f00 DEOPT PACKING pc=0x0000024907e3990c sp=0x000000d51aefe980
Event: 11.241 Thread 0x000002495e1a3f00 DEOPT UNPACKING pc=0x0000024907466da2 sp=0x000000d51aefe978 mode 2
Event: 11.303 Thread 0x000002495e1a3f00 Uncommon trap: trap_request=0xffffff45 fr.pc=0x0000024907c2bbe8 relative=0x00000000000004e8
Event: 11.303 Thread 0x000002495e1a3f00 Uncommon trap: reason=unstable_if action=reinterpret pc=0x0000024907c2bbe8 method=com.google.gson.stream.JsonReader.doPeek()I @ 547 c2
Event: 11.303 Thread 0x000002495e1a3f00 DEOPT PACKING pc=0x0000024907c2bbe8 sp=0x000000d51aefe590
Event: 11.303 Thread 0x000002495e1a3f00 DEOPT UNPACKING pc=0x0000024907466da2 sp=0x000000d51aefe520 mode 2
Event: 11.303 Thread 0x000002495e1a3f00 Uncommon trap: trap_request=0xffffff45 fr.pc=0x0000024907c1d86c relative=0x00000000000000cc
Event: 11.303 Thread 0x000002495e1a3f00 Uncommon trap: reason=unstable_if action=reinterpret pc=0x0000024907c1d86c method=com.google.gson.stream.JsonReader.peek()Lcom/google/gson/stream/JsonToken; @ 15 c2
Event: 11.303 Thread 0x000002495e1a3f00 DEOPT PACKING pc=0x0000024907c1d86c sp=0x000000d51aefe5d0
Event: 11.303 Thread 0x000002495e1a3f00 DEOPT UNPACKING pc=0x0000024907466da2 sp=0x000000d51aefe558 mode 2
Event: 11.316 Thread 0x000002495e1a3f00 Uncommon trap: trap_request=0xffffff45 fr.pc=0x0000024907df9cd8 relative=0x0000000000000b58
Event: 11.316 Thread 0x000002495e1a3f00 Uncommon trap: reason=unstable_if action=reinterpret pc=0x0000024907df9cd8 method=org.eclipse.osgi.internal.loader.BundleLoader.getPackageName(Ljava/lang/String;)Ljava/lang/String; @ 12 c2
Event: 11.316 Thread 0x000002495e1a3f00 DEOPT PACKING pc=0x0000024907df9cd8 sp=0x000000d51aefe030
Event: 11.316 Thread 0x000002495e1a3f00 DEOPT UNPACKING pc=0x0000024907466da2 sp=0x000000d51aefdfa0 mode 2

Classes loaded (20 events):
Event: 11.233 Loading class java/io/PrintWriter$1
Event: 11.233 Loading class jdk/internal/access/JavaIOPrintWriterAccess
Event: 11.233 Loading class jdk/internal/access/JavaIOPrintWriterAccess done
Event: 11.233 Loading class java/io/PrintWriter$1 done
Event: 11.234 Loading class java/time/format/DateTimeParseContext
Event: 11.234 Loading class java/time/format/DateTimeParseContext done
Event: 11.234 Loading class java/time/format/Parsed
Event: 11.234 Loading class java/time/format/Parsed done
Event: 11.248 Loading class sun/nio/cs/ThreadLocalCoders
Event: 11.248 Loading class sun/nio/cs/ThreadLocalCoders done
Event: 11.248 Loading class sun/nio/cs/ThreadLocalCoders$1
Event: 11.248 Loading class sun/nio/cs/ThreadLocalCoders$Cache
Event: 11.248 Loading class sun/nio/cs/ThreadLocalCoders$Cache done
Event: 11.248 Loading class sun/nio/cs/ThreadLocalCoders$1 done
Event: 11.249 Loading class sun/nio/cs/ThreadLocalCoders$2
Event: 11.249 Loading class sun/nio/cs/ThreadLocalCoders$2 done
Event: 11.252 Loading class sun/reflect/generics/repository/FieldRepository
Event: 11.252 Loading class sun/reflect/generics/repository/FieldRepository done
Event: 11.289 Loading class java/io/UTFDataFormatException
Event: 11.289 Loading class java/io/UTFDataFormatException done

Classes unloaded (7 events):
Event: 10.339 Thread 0x000002497b42dc00 Unloading class 0x00000249141acc00 'java/lang/invoke/LambdaForm$MH+0x00000249141acc00'
Event: 10.339 Thread 0x000002497b42dc00 Unloading class 0x00000249141ac800 'java/lang/invoke/LambdaForm$MH+0x00000249141ac800'
Event: 10.339 Thread 0x000002497b42dc00 Unloading class 0x00000249141ac400 'java/lang/invoke/LambdaForm$MH+0x00000249141ac400'
Event: 10.339 Thread 0x000002497b42dc00 Unloading class 0x00000249141ac000 'java/lang/invoke/LambdaForm$MH+0x00000249141ac000'
Event: 10.339 Thread 0x000002497b42dc00 Unloading class 0x00000249141abc00 'java/lang/invoke/LambdaForm$BMH+0x00000249141abc00'
Event: 10.339 Thread 0x000002497b42dc00 Unloading class 0x00000249141ab800 'java/lang/invoke/LambdaForm$DMH+0x00000249141ab800'
Event: 10.339 Thread 0x000002497b42dc00 Unloading class 0x00000249141aa400 'java/lang/invoke/LambdaForm$DMH+0x00000249141aa400'

Classes redefined (0 events):
No events

Internal exceptions (20 events):
Event: 11.144 Thread 0x000002495d2419e0 Exception <a 'sun/nio/fs/WindowsException'{0x00000000d57c6278}> (0x00000000d57c6278) 
thrown [s\src\hotspot\share\prims\jni.cpp, line 520]
Event: 11.144 Thread 0x000002495d2419e0 Exception <a 'sun/nio/fs/WindowsException'{0x00000000d57c6b18}> (0x00000000d57c6b18) 
thrown [s\src\hotspot\share\prims\jni.cpp, line 520]
Event: 11.145 Thread 0x000002495d2419e0 Exception <a 'sun/nio/fs/WindowsException'{0x00000000d57df3d8}> (0x00000000d57df3d8) 
thrown [s\src\hotspot\share\prims\jni.cpp, line 520]
Event: 11.145 Thread 0x000002495d2419e0 Exception <a 'sun/nio/fs/WindowsException'{0x00000000d57dfa28}> (0x00000000d57dfa28) 
thrown [s\src\hotspot\share\prims\jni.cpp, line 520]
Event: 11.145 Thread 0x000002495d2419e0 Exception <a 'sun/nio/fs/WindowsException'{0x00000000d57e1388}> (0x00000000d57e1388) 
thrown [s\src\hotspot\share\prims\jni.cpp, line 520]
Event: 11.145 Thread 0x000002495d2419e0 Exception <a 'sun/nio/fs/WindowsException'{0x00000000d57e19b8}> (0x00000000d57e19b8) 
thrown [s\src\hotspot\share\prims\jni.cpp, line 520]
Event: 11.145 Thread 0x000002495d2419e0 Exception <a 'sun/nio/fs/WindowsException'{0x00000000d57e36f0}> (0x00000000d57e36f0) 
thrown [s\src\hotspot\share\prims\jni.cpp, line 520]
Event: 11.145 Thread 0x000002495d2419e0 Exception <a 'sun/nio/fs/WindowsException'{0x00000000d57e3d20}> (0x00000000d57e3d20) 
thrown [s\src\hotspot\share\prims\jni.cpp, line 520]
Event: 11.152 Thread 0x000002495d2419e0 Exception <a 'sun/nio/fs/WindowsException'{0x00000000d58c7c70}> (0x00000000d58c7c70) 
thrown [s\src\hotspot\share\prims\jni.cpp, line 520]
Event: 11.152 Thread 0x000002495d2419e0 Exception <a 'sun/nio/fs/WindowsException'{0x00000000d58c82a0}> (0x00000000d58c82a0) 
thrown [s\src\hotspot\share\prims\jni.cpp, line 520]
Event: 11.183 Thread 0x000002497b48cfe0 Exception <a 'java/lang/NoSuchMethodError'{0x00000000d5cd12a8}: 'void java.lang.invoke.DirectMethodHandle$Holder.invokeSpecial(java.lang.Object, java.lang.Object, java.lang.Object, java.lang.Object, java.lang.Object, java.lang.Object)'> (0x00000000d5cd12a8) 
thrown [s\src\hotspot\share\interpreter\linkResolver.cpp, line 773]
Event: 11.184 Thread 0x000002497b48cfe0 Exception <a 'java/lang/IncompatibleClassChangeError'{0x00000000d5cd97a0}: Found class java.lang.Object, but interface was expected> (0x00000000d5cd97a0) 
thrown [s\src\hotspot\share\interpreter\linkResolver.cpp, line 840]
Event: 11.185 Thread 0x000002497b48cfe0 Exception <a 'java/lang/IncompatibleClassChangeError'{0x00000000d5cdb4f8}: Found class java.lang.Object, but interface was expected> (0x00000000d5cdb4f8) 
thrown [s\src\hotspot\share\interpreter\linkResolver.cpp, line 840]
Event: 11.257 Thread 0x000002495d2419e0 Exception <a 'sun/nio/fs/WindowsException'{0x00000000d5b73218}> (0x00000000d5b73218) 
thrown [s\src\hotspot\share\prims\jni.cpp, line 520]
Event: 11.276 Thread 0x000002495d2419e0 Exception <a 'java/io/FileNotFoundException'{0x00000000d5df90c0}> (0x00000000d5df90c0) 
thrown [s\src\hotspot\share\prims\jni.cpp, line 520]
Event: 11.276 Thread 0x000002495d2419e0 Exception <a 'java/io/FileNotFoundException'{0x00000000d5dfa6c8}> (0x00000000d5dfa6c8) 
thrown [s\src\hotspot\share\prims\jni.cpp, line 520]
Event: 11.278 Thread 0x000002495d2419e0 Exception <a 'java/lang/NoSuchMethodError'{0x00000000d5e1ed50}: 'java.lang.Object java.lang.invoke.DirectMethodHandle$Holder.newInvokeSpecial(java.lang.Object, java.lang.Object, java.lang.Object, int)'> (0x00000000d5e1ed50) 
thrown [s\src\hotspot\share\interpreter\linkResolver.cpp, line 773]
Event: 11.279 Thread 0x000002495d2419e0 Exception <a 'java/lang/NoSuchMethodError'{0x00000000d5e29a88}: 'java.lang.Object java.lang.invoke.DirectMethodHandle$Holder.invokeSpecial(java.lang.Object, java.lang.Object, java.lang.Object, java.lang.Object, int)'> (0x00000000d5e29a88) 
thrown [s\src\hotspot\share\interpreter\linkResolver.cpp, line 773]
Event: 11.279 Thread 0x000002495d2419e0 Exception <a 'java/lang/NoSuchMethodError'{0x00000000d5e2cf30}: 'java.lang.Object java.lang.invoke.Invokers$Holder.linkToTargetMethod(java.lang.Object, java.lang.Object, int, java.lang.Object)'> (0x00000000d5e2cf30) 
thrown [s\src\hotspot\share\interpreter\linkResolver.cpp, line 773]
Event: 11.282 Thread 0x000002495d2419e0 Exception <a 'java/lang/NoSuchMethodError'{0x00000000d5e3ff58}: 'void java.lang.invoke.DirectMethodHandle$Holder.invokeStaticInit(java.lang.Object, java.lang.Object, java.lang.Object)'> (0x00000000d5e3ff58) 
thrown [s\src\hotspot\share\interpreter\linkResolver.cpp, line 773]

ZGC Phase Switch (0 events):
No events

VM Operations (20 events):
Event: 10.358 Executing safepoint VM operation: CollectForMetadataAllocation (Metadata GC Threshold) done
Event: 10.358 Executing safepoint VM operation: CollectForMetadataAllocation (Metadata GC Threshold)
Event: 10.358 Executing safepoint VM operation: CollectForMetadataAllocation (Metadata GC Threshold) done
Event: 10.488 Executing safepoint VM operation: ParallelGCFailedAllocation (Allocation Failure)
Event: 10.489 Executing safepoint VM operation: ParallelGCFailedAllocation (Allocation Failure) done
Event: 10.632 Executing safepoint VM operation: ParallelGCFailedAllocation (Allocation Failure)
Event: 10.634 Executing safepoint VM operation: ParallelGCFailedAllocation (Allocation Failure) done
Event: 10.779 Executing safepoint VM operation: ParallelGCFailedAllocation (Allocation Failure)
Event: 10.781 Executing safepoint VM operation: ParallelGCFailedAllocation (Allocation Failure) done
Event: 10.821 Executing non-safepoint VM operation: HandshakeAllThreads (Deoptimize)
Event: 10.821 Executing non-safepoint VM operation: HandshakeAllThreads (Deoptimize) done
Event: 10.891 Executing non-safepoint VM operation: HandshakeAllThreads (Deoptimize)
Event: 10.891 Executing non-safepoint VM operation: HandshakeAllThreads (Deoptimize) done
Event: 11.005 Executing safepoint VM operation: ParallelGCFailedAllocation (Allocation Failure)
Event: 11.008 Executing safepoint VM operation: ParallelGCFailedAllocation (Allocation Failure) done
Event: 11.126 Executing safepoint VM operation: ParallelGCFailedAllocation (Allocation Failure)
Event: 11.128 Executing safepoint VM operation: ParallelGCFailedAllocation (Allocation Failure) done
Event: 11.194 Executing safepoint VM operation: CollectForMetadataAllocation (Metadata GC Threshold)
Event: 11.219 Executing safepoint VM operation: CollectForMetadataAllocation (Metadata GC Threshold) done
Event: 12.224 Executing safepoint VM operation: Cleanup

Memory protections (0 events):
No events

Nmethod flushes (20 events):
Event: 11.210 Thread 0x000002497b42dc00 flushing  nmethod 0x00000249006ab210
Event: 11.210 Thread 0x000002497b42dc00 flushing  nmethod 0x00000249006b0690
Event: 11.210 Thread 0x000002497b42dc00 flushing  nmethod 0x00000249006e3810
Event: 11.210 Thread 0x000002497b42dc00 flushing  nmethod 0x00000249006e3c10
Event: 11.210 Thread 0x000002497b42dc00 flushing  nmethod 0x00000249006e4510
Event: 11.210 Thread 0x000002497b42dc00 flushing  nmethod 0x00000249006e4d10
Event: 11.210 Thread 0x000002497b42dc00 flushing  nmethod 0x00000249006e6390
Event: 11.210 Thread 0x000002497b42dc00 flushing  nmethod 0x00000249006e7490
Event: 11.210 Thread 0x000002497b42dc00 flushing  nmethod 0x00000249006e9510
Event: 11.210 Thread 0x000002497b42dc00 flushing  nmethod 0x00000249006e9990
Event: 11.210 Thread 0x000002497b42dc00 flushing  nmethod 0x00000249006eb410
Event: 11.210 Thread 0x000002497b42dc00 flushing  nmethod 0x00000249006ec110
Event: 11.210 Thread 0x000002497b42dc00 flushing  nmethod 0x00000249006ed310
Event: 11.210 Thread 0x000002497b42dc00 flushing  nmethod 0x0000024900737290
Event: 11.210 Thread 0x000002497b42dc00 flushing  nmethod 0x0000024900737990
Event: 11.210 Thread 0x000002497b42dc00 flushing  nmethod 0x000002490073f510
Event: 11.210 Thread 0x000002497b42dc00 flushing  nmethod 0x00000249007e6f10
Event: 11.210 Thread 0x000002497b42dc00 flushing  nmethod 0x000002490080e290
Event: 11.210 Thread 0x000002497b42dc00 flushing  nmethod 0x0000024900841190
Event: 11.210 Thread 0x000002497b42dc00 flushing  nmethod 0x0000024900841610

Events (20 events):
Event: 11.044 Thread 0x000002497b48cfe0 Thread added: 0x000002495e0dd860
Event: 11.044 Thread 0x000002497b48cfe0 Thread added: 0x000002495e0dbe20
Event: 11.044 Thread 0x000002497b48cfe0 Thread added: 0x000002495e0dc4b0
Event: 11.044 Thread 0x000002497b48cfe0 Thread added: 0x000002495e0ddef0
Event: 11.045 Thread 0x000002497b48cfe0 Thread added: 0x000002495e0dcb40
Event: 11.045 Thread 0x000002497b48cfe0 Thread added: 0x000002495e0de580
Event: 11.045 Thread 0x000002497b48cfe0 Thread added: 0x000002495e1a03f0
Event: 11.045 Thread 0x000002497b48cfe0 Thread added: 0x000002495e19f040
Event: 11.045 Thread 0x000002497b48cfe0 Thread added: 0x000002495e19fd60
Event: 11.045 Thread 0x000002497b48cfe0 Thread added: 0x000002495e1a2b50
Event: 11.045 Thread 0x000002497b48cfe0 Thread added: 0x000002495e1a24c0
Event: 11.045 Thread 0x000002497b48cfe0 Thread added: 0x000002495e1a1e30
Event: 11.045 Thread 0x000002497b48cfe0 Thread added: 0x000002495e1a1110
Event: 11.046 Thread 0x000002497b48cfe0 Thread added: 0x000002495e1a0a80
Event: 11.046 Thread 0x000002497b48cfe0 Thread added: 0x000002495e1a17a0
Event: 11.046 Thread 0x000002497b48cfe0 Thread added: 0x000002495e19f6d0
Event: 11.046 Thread 0x000002497b48cfe0 Thread added: 0x000002495e1a4590
Event: 11.085 Thread 0x000002497b48cfe0 Thread added: 0x000002495e1a3870
Event: 11.226 Thread 0x000002497b48cfe0 Thread added: 0x000002495e1a31e0
Event: 11.226 Thread 0x000002497b48cfe0 Thread added: 0x000002495e1a3f00


Dynamic libraries:
0x00007ff7704f0000 - 0x00007ff7704fe000 	c:\Users\Admin\.antigravity\extensions\redhat.java-1.53.0-win32-x64\jre\21.0.10-win32-x86_64\bin\java.exe
0x00007ff849000000 - 0x00007ff849267000 	C:\WINDOWS\SYSTEM32\ntdll.dll
0x00007ff847e00000 - 0x00007ff847ec9000 	C:\WINDOWS\System32\KERNEL32.DLL
0x00007ff845e50000 - 0x00007ff846241000 	C:\WINDOWS\System32\KERNELBASE.dll
0x00007ff845a50000 - 0x00007ff845b9b000 	C:\WINDOWS\System32\ucrtbase.dll
0x00007ff82d9e0000 - 0x00007ff82d9f8000 	c:\Users\Admin\.antigravity\extensions\redhat.java-1.53.0-win32-x64\jre\21.0.10-win32-x86_64\bin\jli.dll
0x00007ff83e8c0000 - 0x00007ff83e8de000 	c:\Users\Admin\.antigravity\extensions\redhat.java-1.53.0-win32-x64\jre\21.0.10-win32-x86_64\bin\VCRUNTIME140.dll
0x00007ff848c20000 - 0x00007ff848de5000 	C:\WINDOWS\System32\USER32.dll
0x00007ff845a20000 - 0x00007ff845a47000 	C:\WINDOWS\System32\win32u.dll
0x00007ff825df0000 - 0x00007ff826083000 	C:\WINDOWS\WinSxS\amd64_microsoft.windows.common-controls_6595b64144ccf1df_6.0.26100.8037_none_3e092faae333b53b\COMCTL32.dll
0x00007ff8479b0000 - 0x00007ff8479db000 	C:\WINDOWS\System32\GDI32.dll
0x00007ff846e30000 - 0x00007ff846ed9000 	C:\WINDOWS\System32\msvcrt.dll
0x00007ff845d20000 - 0x00007ff845e4b000 	C:\WINDOWS\System32\gdi32full.dll
0x00007ff8458e0000 - 0x00007ff845983000 	C:\WINDOWS\System32\msvcp_win.dll
0x00007ff847ce0000 - 0x00007ff847d11000 	C:\WINDOWS\System32\IMM32.DLL
0x00007ff82f000000 - 0x00007ff82f00c000 	c:\Users\Admin\.antigravity\extensions\redhat.java-1.53.0-win32-x64\jre\21.0.10-win32-x86_64\bin\vcruntime140_1.dll
0x00007fffb0040000 - 0x00007fffb00cd000 	c:\Users\Admin\.antigravity\extensions\redhat.java-1.53.0-win32-x64\jre\21.0.10-win32-x86_64\bin\msvcp140.dll
0x00007fffac9d0000 - 0x00007fffad771000 	c:\Users\Admin\.antigravity\extensions\redhat.java-1.53.0-win32-x64\jre\21.0.10-win32-x86_64\bin\server\jvm.dll
0x00007ff848b60000 - 0x00007ff848c1b000 	C:\WINDOWS\System32\ADVAPI32.dll
0x00007ff846ee0000 - 0x00007ff846f87000 	C:\WINDOWS\System32\sechost.dll
0x00007ff848ea0000 - 0x00007ff848fb8000 	C:\WINDOWS\System32\RPCRT4.dll
0x00007ff847c60000 - 0x00007ff847cd4000 	C:\WINDOWS\System32\WS2_32.dll
0x00007ff83d4a0000 - 0x00007ff83d4ab000 	C:\WINDOWS\SYSTEM32\VERSION.dll
0x00007ff834ce0000 - 0x00007ff834d15000 	C:\WINDOWS\SYSTEM32\WINMM.dll
0x00007ff8444b0000 - 0x00007ff84450e000 	C:\WINDOWS\SYSTEM32\POWRPROF.dll
0x00007ff844490000 - 0x00007ff8444a4000 	C:\WINDOWS\SYSTEM32\UMPDC.dll
0x00007ff844770000 - 0x00007ff84478b000 	C:\WINDOWS\SYSTEM32\kernel.appcore.dll
0x00007ff82d540000 - 0x00007ff82d54a000 	c:\Users\Admin\.antigravity\extensions\redhat.java-1.53.0-win32-x64\jre\21.0.10-win32-x86_64\bin\jimage.dll
0x00007ff840ae0000 - 0x00007ff840d22000 	C:\WINDOWS\SYSTEM32\DBGHELP.DLL
0x00007ff8487b0000 - 0x00007ff848b32000 	C:\WINDOWS\System32\combase.dll
0x00007ff847d20000 - 0x00007ff847df7000 	C:\WINDOWS\System32\OLEAUT32.dll
0x00007ff8246b0000 - 0x00007ff8246eb000 	C:\WINDOWS\SYSTEM32\dbgcore.DLL
0x00007ff8463c0000 - 0x00007ff846465000 	C:\WINDOWS\System32\bcryptPrimitives.dll
0x00007ff82d270000 - 0x00007ff82d27f000 	c:\Users\Admin\.antigravity\extensions\redhat.java-1.53.0-win32-x64\jre\21.0.10-win32-x86_64\bin\instrument.dll
0x00007ff82bb90000 - 0x00007ff82bbb0000 	c:\Users\Admin\.antigravity\extensions\redhat.java-1.53.0-win32-x64\jre\21.0.10-win32-x86_64\bin\java.dll
0x00007ff847240000 - 0x00007ff84799f000 	C:\WINDOWS\System32\SHELL32.dll
0x00007ff846250000 - 0x00007ff8463ba000 	C:\WINDOWS\System32\wintypes.dll
0x00007ff846470000 - 0x00007ff846cd4000 	C:\WINDOWS\System32\windows.storage.dll
0x00007ff846f90000 - 0x00007ff847087000 	C:\WINDOWS\System32\SHCORE.dll
0x00007ff848580000 - 0x00007ff8485e7000 	C:\WINDOWS\System32\shlwapi.dll
0x00007ff845800000 - 0x00007ff845829000 	C:\WINDOWS\SYSTEM32\profapi.dll
0x00007ff82bb70000 - 0x00007ff82bb88000 	c:\Users\Admin\.antigravity\extensions\redhat.java-1.53.0-win32-x64\jre\21.0.10-win32-x86_64\bin\zip.dll
0x00007ff82bb60000 - 0x00007ff82bb70000 	C:\Users\Admin\.antigravity\extensions\redhat.java-1.53.0-win32-x64\jre\21.0.10-win32-x86_64\bin\net.dll
0x00007ff83e3a0000 - 0x00007ff83e4c7000 	C:\WINDOWS\SYSTEM32\WINHTTP.dll
0x00007ff844d00000 - 0x00007ff844d6b000 	C:\WINDOWS\system32\mswsock.dll
0x00007ff824490000 - 0x00007ff8244a6000 	C:\Users\Admin\.antigravity\extensions\redhat.java-1.53.0-win32-x64\jre\21.0.10-win32-x86_64\bin\nio.dll
0x00007ff824560000 - 0x00007ff824570000 	c:\Users\Admin\.antigravity\extensions\redhat.java-1.53.0-win32-x64\jre\21.0.10-win32-x86_64\bin\verify.dll
0x00007ff802090000 - 0x00007ff8020d5000 	C:\Users\Admin\AppData\Roaming\Antigravity\User\globalStorage\redhat.java\1.53.0\config_win\org.eclipse.equinox.launcher\org.eclipse.equinox.launcher.win32.win32.x86_64_1.3.0.v20260203-2149\eclipse_11919.dll
0x00007ff8485f0000 - 0x00007ff848785000 	C:\WINDOWS\System32\ole32.dll
0x00007ff844ff0000 - 0x00007ff84500b000 	C:\WINDOWS\SYSTEM32\CRYPTSP.dll
0x00007ff8446d0000 - 0x00007ff844709000 	C:\WINDOWS\system32\rsaenh.dll
0x00007ff844db0000 - 0x00007ff844de2000 	C:\WINDOWS\SYSTEM32\USERENV.dll
0x00007ff8457d0000 - 0x00007ff8457fa000 	C:\WINDOWS\SYSTEM32\bcrypt.dll
0x00007ff844fe0000 - 0x00007ff844fec000 	C:\WINDOWS\SYSTEM32\CRYPTBASE.dll
0x00007ff8440c0000 - 0x00007ff8440f3000 	C:\WINDOWS\SYSTEM32\IPHLPAPI.DLL
0x00007ff8487a0000 - 0x00007ff8487aa000 	C:\WINDOWS\System32\NSI.dll
0x00007fffbce50000 - 0x00007fffbce99000 	C:\Users\Admin\AppData\Local\Temp\jna--1527512980\jna12265104771062692481.dll
0x00007ff846da0000 - 0x00007ff846da8000 	C:\WINDOWS\System32\PSAPI.DLL
0x00007ff83ee90000 - 0x00007ff83eead000 	C:\WINDOWS\SYSTEM32\dhcpcsvc6.DLL
0x00007ff83dde0000 - 0x00007ff83de03000 	C:\WINDOWS\SYSTEM32\dhcpcsvc.DLL

JVMTI agents:
c:\Users\Admin\.antigravity\extensions\redhat.java-1.53.0-win32-x64\lombok\lombok-1.18.39-4050.jar path:c:\Users\Admin\.antigravity\extensions\redhat.java-1.53.0-win32-x64\jre\21.0.10-win32-x86_64\bin\instrument.dll, loaded, initialized, instrumentlib options:none

dbghelp: loaded successfully - version: 4.0.5 - missing functions: none
symbol engine: initialized successfully - sym options: 0x614 - pdb path: .;c:\Users\Admin\.antigravity\extensions\redhat.java-1.53.0-win32-x64\jre\21.0.10-win32-x86_64\bin;C:\WINDOWS\SYSTEM32;C:\WINDOWS\WinSxS\amd64_microsoft.windows.common-controls_6595b64144ccf1df_6.0.26100.8037_none_3e092faae333b53b;c:\Users\Admin\.antigravity\extensions\redhat.java-1.53.0-win32-x64\jre\21.0.10-win32-x86_64\bin\server;C:\Users\Admin\AppData\Roaming\Antigravity\User\globalStorage\redhat.java\1.53.0\config_win\org.eclipse.equinox.launcher\org.eclipse.equinox.launcher.win32.win32.x86_64_1.3.0.v20260203-2149;C:\Users\Admin\AppData\Local\Temp\jna--1527512980

VM Arguments:
jvm_args: --add-modules=ALL-SYSTEM --add-opens=java.base/java.util=ALL-UNNAMED --add-opens=java.base/java.lang=ALL-UNNAMED --add-opens=java.base/sun.nio.fs=ALL-UNNAMED -Declipse.application=org.eclipse.jdt.ls.core.id1 -Dosgi.bundles.defaultStartLevel=4 -Declipse.product=org.eclipse.jdt.ls.core.product -Djava.import.generatesMetadataFilesAtProjectRoot=false -DDetectVMInstallationsJob.disabled=true -Dfile.encoding=utf8 -XX:+UseParallelGC -XX:GCTimeRatio=4 -XX:AdaptiveSizePolicyWeight=90 -Dsun.zip.disableMemoryMapping=true -Xmx2G -Xms100m -Xlog:disable -javaagent:c:\Users\Admin\.antigravity\extensions\redhat.java-1.53.0-win32-x64\lombok\lombok-1.18.39-4050.jar -XX:+HeapDumpOnOutOfMemoryError -XX:HeapDumpPath=c:\Users\Admin\AppData\Roaming\Antigravity\User\workspaceStorage\8ce66ecac635b267211035aa95324632\redhat.java -Daether.dependencyCollector.impl=bf 
java_command: c:\Users\Admin\.antigravity\extensions\redhat.java-1.53.0-win32-x64\server\plugins\org.eclipse.equinox.launcher_1.7.100.v20251111-0406.jar -configuration c:\Users\Admin\AppData\Roaming\Antigravity\User\globalStorage\redhat.java\1.53.0\config_win -data c:\Users\Admin\AppData\Roaming\Antigravity\User\workspaceStorage\8ce66ecac635b267211035aa95324632\redhat.java\jdt_ws --pipe=\\.\pipe\lsp-edda39f36c2701b334b4f4241af3f2b6-sock
java_class_path (initial): c:\Users\Admin\.antigravity\extensions\redhat.java-1.53.0-win32-x64\server\plugins\org.eclipse.equinox.launcher_1.7.100.v20251111-0406.jar
Launcher Type: SUN_STANDARD

[Global flags]
    uintx AdaptiveSizePolicyWeight                 = 90                                        {product} {command line}
     intx CICompilerCount                          = 15                                        {product} {ergonomic}
    uintx GCTimeRatio                              = 4                                         {product} {command line}
     bool HeapDumpOnOutOfMemoryError               = true                                   {manageable} {command line}
    ccstr HeapDumpPath                             = c:\Users\Admin\AppData\Roaming\Antigravity\User\workspaceStorage\8ce66ecac635b267211035aa95324632\redhat.java         {manageable} {command line}
   size_t InitialHeapSize                          = 104857600                                 {product} {command line}
   size_t MaxHeapSize                              = 2147483648                                {product} {command line}
   size_t MaxNewSize                               = 715653120                                 {product} {ergonomic}
   size_t MinHeapDeltaBytes                        = 524288                                    {product} {ergonomic}
   size_t MinHeapSize                              = 104857600                                 {product} {command line}
   size_t NewSize                                  = 34603008                                  {product} {ergonomic}
    uintx NonNMethodCodeHeapSize                   = 8192380                                {pd product} {ergonomic}
    uintx NonProfiledCodeHeapSize                  = 121732930                              {pd product} {ergonomic}
   size_t OldSize                                  = 70254592                                  {product} {ergonomic}
    uintx ProfiledCodeHeapSize                     = 121732930                              {pd product} {ergonomic}
    uintx ReservedCodeCacheSize                    = 251658240                              {pd product} {ergonomic}
     bool SegmentedCodeCache                       = true                                      {product} {ergonomic}
   size_t SoftMaxHeapSize                          = 2147483648                             {manageable} {ergonomic}
     bool UseCompressedOops                        = true                           {product lp64_product} {ergonomic}
     bool UseLargePagesIndividualAllocation        = false                                  {pd product} {ergonomic}
     bool UseParallelGC                            = true                                      {product} {command line}

Logging:
Log output configuration:
 #0: stdout all=off uptime,level,tags foldmultilines=false
 #1: stderr all=off uptime,level,tags foldmultilines=false

Release file:
JAVA_VERSION="21.0.10" 
MODULES="java.base java.compiler java.datatransfer java.xml java.prefs java.desktop java.instrument java.logging java.management java.security.sasl java.naming java.rmi java.management.rmi java.net.http java.scripting java.security.jgss java.transaction.xa java.sql java.sql.rowset java.xml.crypto java.se java.smartcardio jdk.accessibility jdk.internal.jvmstat jdk.attach jdk.charsets jdk.internal.opt jdk.zipfs jdk.compiler jdk.crypto.ec jdk.crypto.cryptoki jdk.crypto.mscapi jdk.dynalink jdk.internal.ed jdk.editpad jdk.hotspot.agent jdk.httpserver jdk.internal.le jdk.internal.vm.ci jdk.internal.vm.compiler jdk.internal.vm.compiler.management jdk.jartool jdk.javadoc jdk.jcmd jdk.management jdk.management.agent jdk.jconsole jdk.jdeps jdk.jdwp.agent jdk.jdi jdk.jfr jdk.jshell jdk.jsobject jdk.jstatd jdk.localedata jdk.management.jfr jdk.naming.dns jdk.naming.rmi jdk.net jdk.nio.mapmode jdk.random jdk.sctp jdk.security.auth jdk.security.jgss jdk.unsupported jdk.unsupported.desktop jdk.xml.dom" 

Environment Variables:
JAVA_HOME=C:\Program Files\Java\jdk-17
PATH=D:\DevSuiteHome_1\jdk\jre\bin\classic;D:\DevSuiteHome_1\jdk\jre\bin;D:\DevSuiteHome_1\jdk\jre\bin\client;D:\DevSuiteHome_1\jlib;D:\DevSuiteHome_1\bin;D:\DevSuiteHome_1\jre\1.4.2\bin\client;D:\DevSuiteHome_1\jre\1.4.2\bin;%Path2%;C:\Program Files\NVIDIA Corporation\NVIDIA App\NvDLISR;C:\Program Files\Microsoft SQL Server\Client SDK\ODBC\170\Tools\Binn\;C:\Program Files\Microsoft SQL Server\160\DTS\Binn\;C:\Program Files\dotnet\;C:\Users\Admin\AppData\Local\nvm;C:\nvm4w\nodejs;C:\WINDOWS\System32\WindowsPowerShell\v1.0\;C:\Program Files\Docker\Docker\resources\bin;C:\apache-maven-3.9.12\bin;C:\Program Files\cursor\resources\app\bin;C:\Program Files\Java\jdk-17\bin;C:\Users\Admin\AppData\Local\Microsoft\WindowsApps;C:\Users\Admin\AppData\Roaming\npm;C:\Users\Admin\AppData\Local\GitHubDesktop\bin;C:\Program Files (x86)\flutter\bin;C:\Program Files (x86)\DartSDK\dart-sdk\bin;C:\Users\Admin\flutter\bin;C:\Program Files\JetBrains\IntelliJ IDEA 2024.2.0.2\bin;C:\Users\Admin\AppData\Local\gitkraken\bin;C:\Users\Admin\AppData\Local\Microsoft\WindowsApps;C:\Users\Admin\AppData\Local\Programs\Microsoft VS Code\bin;C:\Users\Admin\AppData\Local\spicetify;C:\Users\Admin\AppData\Local\nvm;C:\nvm4w\nodejs;C:\Users\Admin\AppData\Local\Programs\Antigravity\bin
USERNAME=Minh Cuong
OS=Windows_NT
PROCESSOR_IDENTIFIER=AMD64 Family 25 Model 97 Stepping 2, AuthenticAMD
TMP=C:\Users\Admin\AppData\Local\Temp
TEMP=C:\Users\Admin\AppData\Local\Temp




Periodic native trim disabled

---------------  S Y S T E M  ---------------

OS:
 Windows 11 , 64 bit Build 26100 (10.0.26100.7920)
OS uptime: 0 days 6:50 hours
Hyper-V role detected

CPU: total 32 (initial active 32) (32 cores per cpu, 2 threads per core) family 25 model 97 stepping 2 microcode 0xa60120c, cx8, cmov, fxsr, ht, mmx, 3dnowpref, sse, sse2, sse3, ssse3, sse4a, sse4.1, sse4.2, popcnt, lzcnt, tsc, tscinvbit, avx, avx2, aes, erms, clmul, bmi1, bmi2, adx, avx512f, avx512dq, avx512cd, avx512bw, avx512vl, sha, fma, vzeroupper, avx512_vpopcntdq, avx512_vpclmulqdq, avx512_vaes, avx512_vnni, clflush, clflushopt, avx512_vbmi2, avx512_vbmi, hv, rdtscp, rdpid, fsrm, gfni, avx512_bitalg, f16c, cet_ss, avx512_ifma
Processor Information for processor 0
  Max Mhz: 2501, Current Mhz: 2501, Mhz Limit: 2501
Processor Information for processor 1
  Max Mhz: 2501, Current Mhz: 2007, Mhz Limit: 2501
Processor Information for processor 2
  Max Mhz: 2501, Current Mhz: 2007, Mhz Limit: 2501
Processor Information for processor 3
  Max Mhz: 2501, Current Mhz: 2007, Mhz Limit: 2501
Processor Information for processor 4
  Max Mhz: 2501, Current Mhz: 2007, Mhz Limit: 2501
Processor Information for processor 5
  Max Mhz: 2501, Current Mhz: 2501, Mhz Limit: 2501
Processor Information for processor 6
  Max Mhz: 2501, Current Mhz: 2007, Mhz Limit: 2501
Processor Information for processor 7
  Max Mhz: 2501, Current Mhz: 2501, Mhz Limit: 2501
Processor Information for processor 8
  Max Mhz: 2501, Current Mhz: 2501, Mhz Limit: 2501
Processor Information for processor 9
  Max Mhz: 2501, Current Mhz: 2501, Mhz Limit: 2501
Processor Information for processor 10
  Max Mhz: 2501, Current Mhz: 2501, Mhz Limit: 2501
Processor Information for processor 11
  Max Mhz: 2501, Current Mhz: 2501, Mhz Limit: 2501
Processor Information for processor 12
  Max Mhz: 2501, Current Mhz: 2007, Mhz Limit: 2501
Processor Information for processor 13
  Max Mhz: 2501, Current Mhz: 2007, Mhz Limit: 2501
Processor Information for processor 14
  Max Mhz: 2501, Current Mhz: 2501, Mhz Limit: 2501
Processor Information for processor 15
  Max Mhz: 2501, Current Mhz: 2501, Mhz Limit: 2501
Processor Information for processor 16
  Max Mhz: 2501, Current Mhz: 2007, Mhz Limit: 2501
Processor Information for processor 17
  Max Mhz: 2501, Current Mhz: 2501, Mhz Limit: 2501
Processor Information for processor 18
  Max Mhz: 2501, Current Mhz: 2501, Mhz Limit: 2501
Processor Information for processor 19
  Max Mhz: 2501, Current Mhz: 2501, Mhz Limit: 2501
Processor Information for processor 20
  Max Mhz: 2501, Current Mhz: 2007, Mhz Limit: 2501
Processor Information for processor 21
  Max Mhz: 2501, Current Mhz: 2007, Mhz Limit: 2501
Processor Information for processor 22
  Max Mhz: 2501, Current Mhz: 2007, Mhz Limit: 2501
Processor Information for processor 23
  Max Mhz: 2501, Current Mhz: 2007, Mhz Limit: 2501
Processor Information for processor 24
  Max Mhz: 2501, Current Mhz: 2007, Mhz Limit: 2501
Processor Information for processor 25
  Max Mhz: 2501, Current Mhz: 2007, Mhz Limit: 2501
Processor Information for processor 26
  Max Mhz: 2501, Current Mhz: 2501, Mhz Limit: 2501
Processor Information for processor 27
  Max Mhz: 2501, Current Mhz: 2501, Mhz Limit: 2501
Processor Information for processor 28
  Max Mhz: 2501, Current Mhz: 2007, Mhz Limit: 2501
Processor Information for processor 29
  Max Mhz: 2501, Current Mhz: 2007, Mhz Limit: 2501
Processor Information for processor 30
  Max Mhz: 2501, Current Mhz: 2501, Mhz Limit: 2501
Processor Information for processor 31
  Max Mhz: 2501, Current Mhz: 2501, Mhz Limit: 2501

Memory: 4k page, system-wide physical 16064M (755M free)
TotalPageFile size 32064M (AvailPageFile size 13M)
current process WorkingSet (physical memory assigned to process): 205M, peak: 206M
current process commit charge ("private bytes"): 374M, peak: 379M

vm_info: OpenJDK 64-Bit Server VM (21.0.10+7-LTS) for windows-amd64 JRE (21.0.10+7-LTS), built on 2026-01-20T00:00:00Z by "admin" with MS VC++ 17.12 (VS2022)

END.
